kubectl logs hexa-ausf-5f8596c94c-6rg6q -n hexa -f                               
+ cd /free5gc
+ cat config/ausfcfg.conf
configuration:
  groupId: ausfGroup001
  nrfUri: http://nrf:29510
  plmnSupportList:
  - mcc: "208"
    mnc: "93"
  sbi:
    bindingIPv4: 0.0.0.0
    port: 29509
    registerIPv4: ausf
    scheme: http
  serviceNameList:
  - nausf-auth
info:
  description: AUSF initial local configuration
  version: 1.0.0
logger:
  AMF:
    ReportCaller: false
    debugLevel: info
  AUSF:
    ReportCaller: false
    debugLevel: info
  Aper:
    ReportCaller: false
    debugLevel: info
  CommonConsumerTest:
    ReportCaller: false
    debugLevel: info
  FSM:
    ReportCaller: false
    debugLevel: info
  MongoDBLibrary:
    ReportCaller: false
    debugLevel: info
  N3IWF:
    ReportCaller: false
    debugLevel: info
  NAS:
    ReportCaller: false
    debugLevel: info
  NGAP:
    ReportCaller: false
    debugLevel: info
  NRF:
    ReportCaller: false
    debugLevel: info
  NamfComm:
    ReportCaller: false
    debugLevel: info
  NamfEventExposure:
    ReportCaller: false
    debugLevel: info
  NsmfPDUSession:
    ReportCaller: false
    debugLevel: info
  NudrDataRepository:
    ReportCaller: false
    debugLevel: info
  OpenApi:
    ReportCaller: false
    debugLevel: info
  PCF:
    ReportCaller: false
    debugLevel: info
  PFCP:
    ReportCaller: false
    debugLevel: info
  PathUtil:
    ReportCaller: false
    debugLevel: info
  SMF:
    ReportCaller: false
    debugLevel: info
  UDM:
    ReportCaller: false
    debugLevel: info
  UDR:
    ReportCaller: false
    debugLevel: info
  WEBUI:
    ReportCaller: false
    debugLevel: info+ GOTRACEBACK=crash ./ausf/ausf -ausfcfg config/ausfcfg.conf
HEXA_AUSF
2024-06-12T11:44:21Z [INFO][HEXA_AUSF][Init] AUSF Log level is set to [info] level
2024-06-12T11:44:21Z [INFO][LIB][Path] set log level : info
2024-06-12T11:44:21Z [INFO][LIB][Path] set report call : false
2024-06-12T11:44:21Z [INFO][HEXA_AUSF][CFG] config version [1.0.0]
2024-06-12T11:44:21Z [INFO][HEXA_AUSF][Init] MANAGED_BY_CONFIG_POD is true
2024-06-12T11:44:21Z [INFO][CONN][GRPC] Config Client : Creating
2024-06-12T11:44:21Z [INFO][CONN][GRPC] Dialing GRPC Connection -  webui:9876
2024-06-12T11:44:21Z [INFO][CONN][GRPC] Connecting to GRPC ...
2024-06-12T11:44:31Z [INFO][CONN][GRPC] Connecting to GRPC ...
2024-06-12T11:44:41Z [INFO][CONN][GRPC] Connecting to GRPC ...
2024-06-12T11:44:51Z [INFO][CONN][GRPC] Connecting to GRPC ...
2024-06-12T11:45:01Z [INFO][CONN][GRPC] Connecting to GRPC ...
2024-06-12T11:45:11Z [INFO][CONN][GRPC] Connecting to GRPC ...
2024-06-12T11:45:21Z [INFO][CONN][GRPC] Connecting to GRPC ...
2024-06-12T11:45:31Z [INFO][CONN][GRPC] Connecting to GRPC ...
2024/06/12 11:45:41 INFO: [core] [Channel #1] Channel created
2024/06/12 11:45:41 INFO: [core] [Channel #1] original dial target is: "webui:9876"
2024/06/12 11:45:41 INFO: [core] [Channel #1] parsed dial target is: resolver.Target{URL:url.URL{Scheme:"webui", Opaque:"9876", User:(*url.Userinfo)(nil), Host:"", Path:"", RawPath:"", OmitHost:false, ForceQuery:false, RawQuery:"", Fragment:"", RawFragment:""}}
2024/06/12 11:45:41 INFO: [core] [Channel #1] fallback to scheme "passthrough"
2024/06/12 11:45:41 INFO: [core] [Channel #1] parsed dial target is: passthrough:///webui:9876
2024/06/12 11:45:41 INFO: [core] [Channel #1] Channel authority set to "webui:9876"
2024/06/12 11:45:41 INFO: [core] [Channel #1] Resolver state updated: {
  "Addresses": [
    {
      "Addr": "webui:9876",
      "ServerName": "",
      "Attributes": null,
      "BalancerAttributes": null,
      "Metadata": null
    }
  ],
  "Endpoints": [
    {
      "Addresses": [
        {
          "Addr": "webui:9876",
          "ServerName": "",
          "Attributes": null,
          "BalancerAttributes": null,
          "Metadata": null
        }
      ],
      "Attributes": null
    }
  ],
  "ServiceConfig": null,
  "Attributes": null
} (resolver returned new addresses)
2024/06/12 11:45:41 INFO: [core] [Channel #1] Channel switches to new LB policy "pick_first"
2024/06/12 11:45:41 INFO: [core] [pick-first-lb 0xc000635980] Received new config {
  "shuffleAddressList": false
}, resolver state {
  "Addresses": [
    {
      "Addr": "webui:9876",
      "ServerName": "",
      "Attributes": null,
      "BalancerAttributes": null,
      "Metadata": null
    }
  ],
  "Endpoints": [
    {
      "Addresses": [
        {
          "Addr": "webui:9876",
          "ServerName": "",
          "Attributes": null,
          "BalancerAttributes": null,
          "Metadata": null
        }
      ],
      "Attributes": null
    }
  ],
  "ServiceConfig": null,
  "Attributes": null
}
2024/06/12 11:45:41 INFO: [core] [Channel #1 SubChannel #2] Subchannel created
2024/06/12 11:45:41 INFO: [core] [Channel #1] Channel Connectivity change to CONNECTING
2024/06/12 11:45:41 INFO: [core] [Channel #1] Channel exiting idle mode
2024-06-12T11:45:41Z [INFO][HEXA_AUSF][Init] Server started
2024/06/12 11:45:41 INFO: [core] [Channel #1 SubChannel #2] Subchannel Connectivity change to CONNECTING
2024/06/12 11:45:41 INFO: [core] [Channel #1 SubChannel #2] Subchannel picks a new address "webui:9876" to connect
2024-06-12T11:45:41Z [INFO][CONN][GRPC] Subscribing to Config POD
2024-06-12T11:45:41Z [ERRO][CONN][GRPC] Connectivity status: Not Ready
2024-06-12T11:45:41Z [INFO][HEXA_AUSF][Init] ausfconfig Info: Version[1.0.0] Description[AUSF initial local configuration]
ausf context =  &{{{0 0} {<nil>} map[] 0} {{0 0} {<nil>} map[] 0} 0f3184be-32b7-426c-8e26-905e2fea22b1 ausfGroup001 29509 ausf 0.0.0.0 http://ausf:29509 http http://nrf:29510 map[nausf-auth:{0f3184be-32b7-426c-8e26-905e2fea22b1 nausf-auth 0xc000728438 http REGISTERED   0xc000728420  [] <nil> [] [] <nil> 0 0 0 <nil> <nil> }] []  0xc000570780}
2024/06/12 11:45:41 INFO: [core] [pick-first-lb 0xc000635980] Received SubConn state update: 0xc000635aa0, {ConnectivityState:CONNECTING ConnectionError:<nil>}
2024/06/12 11:45:41 INFO: [core] [Channel #1 SubChannel #2] Subchannel Connectivity change to READY
2024/06/12 11:45:41 INFO: [core] [pick-first-lb 0xc000635980] Received SubConn state update: 0xc000635aa0, {ConnectivityState:READY ConnectionError:<nil>}
2024/06/12 11:45:41 INFO: [core] [Channel #1] Channel Connectivity change to READY
2024-06-12T11:45:42Z [INFO][CONN][GRPC] Connectivity status: Ready
2024-06-12T11:45:42Z [INFO][CONN][GRPC] Config Message received
2024-06-12T11:45:42Z [INFO][CONN][GRPC] Initial Config Received:
2024-06-12T11:45:42Z [INFO][CONN][GRPC] +---------------------------------------------+
2024-06-12T11:45:42Z [INFO][CONN][GRPC] | Network Slice                               |
2024-06-12T11:45:42Z [INFO][CONN][GRPC] |---------------------------------------------|
2024-06-12T11:45:42Z [INFO][CONN][GRPC] | Name                | hexa-slice-01         |
2024-06-12T11:45:42Z [INFO][CONN][GRPC] | Sst                 | 1                     |
2024-06-12T11:45:42Z [INFO][CONN][GRPC] | Sd                  | 010203                |
2024-06-12T11:45:42Z [INFO][CONN][GRPC] |---------------------------------------------|
2024-06-12T11:45:42Z [INFO][CONN][GRPC] | Device Group        | 5g-ue-01              |
2024-06-12T11:45:42Z [INFO][CONN][GRPC] | IP Domain Details   | pool1                 |
2024-06-12T11:45:42Z [INFO][CONN][GRPC] | DNN Name            | hexa                  |
2024-06-12T11:45:42Z [INFO][CONN][GRPC] | UE Pool             | 172.250.1.0/16        |
2024-06-12T11:45:42Z [INFO][CONN][GRPC] | DNS Primary         | 8.8.8.8               |
2024-06-12T11:45:42Z [INFO][CONN][GRPC] | MTU                 | 1460                  |
2024-06-12T11:45:42Z [INFO][CONN][GRPC] | DnnMbrUplink        | 20000000              |
2024-06-12T11:45:42Z [INFO][CONN][GRPC] | DnnMbrDownlink      | 200000000             |
2024-06-12T11:45:42Z [INFO][CONN][GRPC] | Traffic Class       | platinum              |
2024-06-12T11:45:42Z [INFO][CONN][GRPC] |                     | 001010100007487       |
2024-06-12T11:45:42Z [INFO][CONN][GRPC] |                     | 001010100007488       |
2024-06-12T11:45:42Z [INFO][CONN][GRPC] |                     | 001010100007489       |
2024-06-12T11:45:42Z [INFO][CONN][GRPC] |                     | 001010100007490       |
2024-06-12T11:45:42Z [INFO][CONN][GRPC] |                     | 001010100007491       |
2024-06-12T11:45:42Z [INFO][CONN][GRPC] |                     | 001010100007492       |
2024-06-12T11:45:42Z [INFO][CONN][GRPC] |                     | 001010100007401       |
2024-06-12T11:45:42Z [INFO][CONN][GRPC] | IMSI_LIST           | 001010100007494       |
2024-06-12T11:45:42Z [INFO][CONN][GRPC] |                     | 001010100007495       |
2024-06-12T11:45:42Z [INFO][CONN][GRPC] |                     | 001010100007496       |
2024-06-12T11:45:42Z [INFO][CONN][GRPC] |                     | 001010100007497       |
2024-06-12T11:45:42Z [INFO][CONN][GRPC] |                     | 001010100007498       |
2024-06-12T11:45:42Z [INFO][CONN][GRPC] |                     | 001010100007499       |
2024-06-12T11:45:42Z [INFO][CONN][GRPC] |                     | 001010100007500       |
2024-06-12T11:45:42Z [INFO][CONN][GRPC] |---------------------------------------------|
2024-06-12T11:45:42Z [INFO][CONN][GRPC] | Device Group        | 5g-ue-02              |
2024-06-12T11:45:42Z [INFO][CONN][GRPC] | IP Domain Details   | pool2                 |
2024-06-12T11:45:42Z [INFO][CONN][GRPC] | DNN Name            | hexa                  |
2024-06-12T11:45:42Z [INFO][CONN][GRPC] | UE Pool             | 172.250.1.0/16        |
2024-06-12T11:45:42Z [INFO][CONN][GRPC] | DNS Primary         | 8.8.8.8               |
2024-06-12T11:45:42Z [INFO][CONN][GRPC] | MTU                 | 1460                  |
2024-06-12T11:45:42Z [INFO][CONN][GRPC] | DnnMbrUplink        | 10000000              |
2024-06-12T11:45:42Z [INFO][CONN][GRPC] | DnnMbrDownlink      | 400000000             |
2024-06-12T11:45:42Z [INFO][CONN][GRPC] | Traffic Class       | platinum              |
2024-06-12T11:45:42Z [INFO][CONN][GRPC] |                     | 001010100007501       |
2024-06-12T11:45:42Z [INFO][CONN][GRPC] |                     | 001010100007502       |
2024-06-12T11:45:42Z [INFO][CONN][GRPC] |                     | 001010100007503       |
2024-06-12T11:45:42Z [INFO][CONN][GRPC] |                     | 001010100007504       |
2024-06-12T11:45:42Z [INFO][CONN][GRPC] |                     | 001010100007505       |
2024-06-12T11:45:42Z [INFO][CONN][GRPC] | IMSI_LIST           | 001010100007506       |
2024-06-12T11:45:42Z [INFO][CONN][GRPC] |                     | 001010100007507       |
2024-06-12T11:45:42Z [INFO][CONN][GRPC] |                     | 001010100007508       |
2024-06-12T11:45:42Z [INFO][CONN][GRPC] |                     | 001010100007509       |
2024-06-12T11:45:42Z [INFO][CONN][GRPC] |                     | 001010100007510       |
2024-06-12T11:45:42Z [INFO][CONN][GRPC] |---------------------------------------------|
2024-06-12T11:45:42Z [INFO][CONN][GRPC] | Site                | hexa                  |
2024-06-12T11:45:42Z [INFO][CONN][GRPC] | GNB                 | hexa-gnb-01           |
2024-06-12T11:45:42Z [INFO][CONN][GRPC] | TAC                 | 1                     |
2024-06-12T11:45:42Z [INFO][CONN][GRPC] |---------------------------------------------|
2024-06-12T11:45:42Z [INFO][CONN][GRPC] | GNB                 | hexa-gnb-02           |
2024-06-12T11:45:42Z [INFO][CONN][GRPC] | TAC                 | 2                     |
2024-06-12T11:45:42Z [INFO][CONN][GRPC] |---------------------------------------------|
2024-06-12T11:45:42Z [INFO][CONN][GRPC] | MCC                 | 001                   |
2024-06-12T11:45:42Z [INFO][CONN][GRPC] | MNC                 | 01                    |
2024-06-12T11:45:42Z [INFO][CONN][GRPC] | UPF                 | hexa-upf              |
2024-06-12T11:45:42Z [INFO][CONN][GRPC] | Traffic Class       | IPV4                  |
2024-06-12T11:45:42Z [INFO][CONN][GRPC] | Flow Direction      | BIDIRECTIONAL         |
2024-06-12T11:45:42Z [INFO][CONN][GRPC] | Flow Status         | ENABLED               |
2024-06-12T11:45:42Z [INFO][CONN][GRPC] | Rule ID             | ALLOW-ALL             |
2024-06-12T11:45:42Z [INFO][CONN][GRPC] | Priority            | 250                   |
2024-06-12T11:45:42Z [INFO][CONN][GRPC] |---------------------------------------------|
2024-06-12T11:45:42Z [INFO][CONN][GRPC] +---------------------------------------------+
2024-06-12T11:45:42Z [INFO][HEXA_AUSF][GRPC] Received updateConfig in the ausf app :
2024-06-12T11:45:42Z [INFO][HEXA_AUSF][GRPC] +---------------------------------------------+
2024-06-12T11:45:42Z [INFO][HEXA_AUSF][GRPC] | Network Slice                               |
2024-06-12T11:45:42Z [INFO][HEXA_AUSF][GRPC] |---------------------------------------------|
2024-06-12T11:45:42Z [INFO][HEXA_AUSF][GRPC] | Name                | hexa-slice-01         |
2024-06-12T11:45:42Z [INFO][HEXA_AUSF][GRPC] | Sst                 | 1                     |
2024-06-12T11:45:42Z [INFO][HEXA_AUSF][GRPC] | Sd                  | 010203                |
2024-06-12T11:45:42Z [INFO][HEXA_AUSF][GRPC] |---------------------------------------------|
2024-06-12T11:45:42Z [INFO][HEXA_AUSF][GRPC] | Device Group        | 5g-ue-01              |
2024-06-12T11:45:42Z [INFO][HEXA_AUSF][GRPC] | IP Domain Details   | pool1                 |
2024-06-12T11:45:42Z [INFO][HEXA_AUSF][GRPC] | DNN Name            | hexa                  |
2024-06-12T11:45:42Z [INFO][HEXA_AUSF][GRPC] | UE Pool             | 172.250.1.0/16        |
2024-06-12T11:45:42Z [INFO][HEXA_AUSF][GRPC] | DNS Primary         | 8.8.8.8               |
2024-06-12T11:45:42Z [INFO][HEXA_AUSF][GRPC] | MTU                 | 1460                  |
2024-06-12T11:45:42Z [INFO][HEXA_AUSF][GRPC] | DnnMbrUplink        | 20000000              |
2024-06-12T11:45:42Z [INFO][HEXA_AUSF][GRPC] | DnnMbrDownlink      | 200000000             |
2024-06-12T11:45:42Z [INFO][HEXA_AUSF][GRPC] | Traffic Class       | platinum              |
2024-06-12T11:45:42Z [INFO][HEXA_AUSF][GRPC] |                     | 001010100007487       |
2024-06-12T11:45:42Z [INFO][HEXA_AUSF][GRPC] |                     | 001010100007488       |
2024-06-12T11:45:42Z [INFO][HEXA_AUSF][GRPC] |                     | 001010100007489       |
2024-06-12T11:45:42Z [INFO][HEXA_AUSF][GRPC] |                     | 001010100007490       |
2024-06-12T11:45:42Z [INFO][HEXA_AUSF][GRPC] |                     | 001010100007491       |
2024-06-12T11:45:42Z [INFO][HEXA_AUSF][GRPC] |                     | 001010100007492       |
2024-06-12T11:45:42Z [INFO][HEXA_AUSF][GRPC] |                     | 001010100007401       |
2024-06-12T11:45:42Z [INFO][HEXA_AUSF][GRPC] | IMSI_Supported      | 001010100007494       |
2024-06-12T11:45:42Z [INFO][HEXA_AUSF][GRPC] |                     | 001010100007495       |
2024-06-12T11:45:42Z [INFO][HEXA_AUSF][GRPC] |                     | 001010100007496       |
2024-06-12T11:45:42Z [INFO][HEXA_AUSF][GRPC] |                     | 001010100007497       |
2024-06-12T11:45:42Z [INFO][HEXA_AUSF][GRPC] |                     | 001010100007498       |
2024-06-12T11:45:42Z [INFO][HEXA_AUSF][GRPC] |                     | 001010100007499       |
2024-06-12T11:45:42Z [INFO][HEXA_AUSF][GRPC] |                     | 001010100007500       |
2024-06-12T11:45:42Z [INFO][HEXA_AUSF][GRPC] |---------------------------------------------|
2024-06-12T11:45:42Z [INFO][HEXA_AUSF][GRPC] | Device Group        | 5g-ue-02              |
2024-06-12T11:45:42Z [INFO][HEXA_AUSF][GRPC] | IP Domain Details   | pool2                 |
2024-06-12T11:45:42Z [INFO][HEXA_AUSF][GRPC] | DNN Name            | hexa                  |
2024-06-12T11:45:42Z [INFO][HEXA_AUSF][GRPC] | UE Pool             | 172.250.1.0/16        |
2024-06-12T11:45:42Z [INFO][HEXA_AUSF][GRPC] | DNS Primary         | 8.8.8.8               |
2024-06-12T11:45:42Z [INFO][HEXA_AUSF][GRPC] | MTU                 | 1460                  |
2024-06-12T11:45:42Z [INFO][HEXA_AUSF][GRPC] | DnnMbrUplink        | 10000000              |
2024-06-12T11:45:42Z [INFO][HEXA_AUSF][GRPC] | DnnMbrDownlink      | 400000000             |
2024-06-12T11:45:42Z [INFO][HEXA_AUSF][GRPC] | Traffic Class       | platinum              |
2024-06-12T11:45:42Z [INFO][HEXA_AUSF][GRPC] |                     | 001010100007501       |
2024-06-12T11:45:42Z [INFO][HEXA_AUSF][GRPC] |                     | 001010100007502       |
2024-06-12T11:45:42Z [INFO][HEXA_AUSF][GRPC] |                     | 001010100007503       |
2024-06-12T11:45:42Z [INFO][HEXA_AUSF][GRPC] |                     | 001010100007504       |
2024-06-12T11:45:42Z [INFO][HEXA_AUSF][GRPC] |                     | 001010100007505       |
2024-06-12T11:45:42Z [INFO][HEXA_AUSF][GRPC] | IMSI_Supported      | 001010100007506       |
2024-06-12T11:45:42Z [INFO][HEXA_AUSF][GRPC] |                     | 001010100007507       |
2024-06-12T11:45:42Z [INFO][HEXA_AUSF][GRPC] |                     | 001010100007508       |
2024-06-12T11:45:42Z [INFO][HEXA_AUSF][GRPC] |                     | 001010100007509       |
2024-06-12T11:45:42Z [INFO][HEXA_AUSF][GRPC] |                     | 001010100007510       |
2024-06-12T11:45:42Z [INFO][HEXA_AUSF][GRPC] |---------------------------------------------|
2024-06-12T11:45:42Z [INFO][HEXA_AUSF][GRPC] | Site                | hexa                  |
2024-06-12T11:45:42Z [INFO][HEXA_AUSF][GRPC] | GNB                 | hexa-gnb-01           |
2024-06-12T11:45:42Z [INFO][HEXA_AUSF][GRPC] | TAC                 | 1                     |
2024-06-12T11:45:42Z [INFO][HEXA_AUSF][GRPC] |---------------------------------------------|
2024-06-12T11:45:42Z [INFO][HEXA_AUSF][GRPC] | GNB                 | hexa-gnb-02           |
2024-06-12T11:45:42Z [INFO][HEXA_AUSF][GRPC] | TAC                 | 2                     |
2024-06-12T11:45:42Z [INFO][HEXA_AUSF][GRPC] |---------------------------------------------|
2024-06-12T11:45:42Z [INFO][HEXA_AUSF][GRPC] | MCC                 | 001                   |
2024-06-12T11:45:42Z [INFO][HEXA_AUSF][GRPC] | MNC                 | 01                    |
2024-06-12T11:45:42Z [INFO][HEXA_AUSF][GRPC] | UPF                 | hexa-upf              |
2024-06-12T11:45:42Z [INFO][HEXA_AUSF][GRPC] | Traffic Class       | IPV4                  |
2024-06-12T11:45:42Z [INFO][HEXA_AUSF][GRPC] | Flow Direction      | BIDIRECTIONAL         |
2024-06-12T11:45:42Z [INFO][HEXA_AUSF][GRPC] | Flow Status         | ENABLED               |
2024-06-12T11:45:42Z [INFO][HEXA_AUSF][GRPC] | Rule ID             | ALLOW-ALL             |
2024-06-12T11:45:42Z [INFO][HEXA_AUSF][GRPC] | Priority            | 250                   |
2024-06-12T11:45:42Z [INFO][HEXA_AUSF][GRPC] +---------------------------------------------+
2024-06-12T11:45:42Z [INFO][HEXA_AUSF][GRPC] Network Slice Name  hexa-slice-01
2024-06-12T11:45:42Z [INFO][HEXA_AUSF][GRPC] Network Slice has site name present
2024-06-12T11:45:42Z [INFO][HEXA_AUSF][GRPC] Site name  hexa
2024-06-12T11:45:42Z [INFO][HEXA_AUSF][GRPC] Plmn mcc  001
2024-06-12T11:45:42Z [INFO][HEXA_AUSF][GRPC] Plmn added in the context [{001 01}]
2024-06-12T11:45:42Z [INFO][HEXA_AUSF][GRPC] Send config trigger to main routine first time config
2024-06-12T11:45:42Z [INFO][HEXA_AUSF][Init] Minimum configuration from config pod available true
2024-06-12T11:45:42Z [INFO][HEXA_AUSF][Init] Started KeepAlive Timer: 86400 sec
2024-06-12T11:45:42Z [INFO][HEXA_AUSF][CFG] Sent Register NF Instance with updated profile
2024-06-12T12:25:46Z [INFO][HEXA_AUSF][UeAuthPost] HandleUeAuthPostRequest
2024-06-12T12:25:46Z [INFO][HEXA_AUSF][UeAuthPost] Serving network authorized
2024-06-12T12:25:46Z [INFO][HEXA_AUSF][UeAuthPost] Add SuciSupiPair (suci-0-001-01-0000-0-0-0100007487, imsi-001010100007487) to map.
2024-06-12T12:25:46Z [INFO][HEXA_AUSF][UeAuthPost] Use 5G AKA auth method
2024-06-12T12:25:46Z [INFO][HEXA_AUSF][5gAkaAuth] XresStar = 6336613931316466636236666334306161373234363532663862666161363836
2024-06-12T12:25:46Z [INFO][HEXA_AUSF][GIN] | 201 |  192.168.84.151 | POST    | /nausf-auth/v1/ue-authentications |
2024-06-12T12:25:46Z [INFO][HEXA_AUSF][UeAuthPost] HandleUeAuthPostRequest
2024-06-12T12:25:46Z [INFO][HEXA_AUSF][UeAuthPost] Serving network authorized
2024-06-12T12:25:46Z [WARN][HEXA_AUSF][UeAuthPost] Auts:  f2c59937ed089baaacdba01e09e3
2024-06-12T12:25:46Z [WARN][HEXA_AUSF][UeAuthPost] imsi-001010100007487
2024-06-12T12:25:46Z [WARN][HEXA_AUSF][UeAuthPost] e82483809ab114e1902f431325b942b1
2024-06-12T12:25:46Z [WARN][HEXA_AUSF][UeAuthPost] Rand:  e82483809ab114e1902f431325b942b1
2024-06-12T12:25:46Z [INFO][HEXA_AUSF][UeAuthPost] Add SuciSupiPair (suci-0-001-01-0000-0-0-0100007487, imsi-001010100007487) to map.
2024-06-12T12:25:46Z [INFO][HEXA_AUSF][UeAuthPost] Use 5G AKA auth method
2024-06-12T12:25:46Z [INFO][HEXA_AUSF][5gAkaAuth] XresStar = 6163393061343830623131386533396361326330313464383034373766363330
2024-06-12T12:25:46Z [INFO][HEXA_AUSF][GIN] | 201 |  192.168.84.151 | POST    | /nausf-auth/v1/ue-authentications |
2024-06-12T12:25:46Z [INFO][HEXA_AUSF][5gAkaAuth] Auth5gAkaComfirmRequest
2024-06-12T12:25:46Z [INFO][HEXA_AUSF][5gAkaAuth] res* : 6163393061343830623131386533396361326330313464383034373766363330
2024-06-12T12:25:46Z [INFO][HEXA_AUSF][5gAkaAuth] Xres : 6163393061343830623131386533396361326330313464383034373766363330
2024-06-12T12:25:46Z [INFO][HEXA_AUSF][5gAkaAuth] 5G AKA confirmation succeeded
2024-06-12T12:25:46Z [INFO][HEXA_AUSF][GIN] | 200 |  192.168.84.151 | PUT     | /nausf-auth/v1/ue-authentications/suci-0-001-01-0000-0-0-0100007487/5g-aka-confirmation |
