+ cd /free5gc
+ cat config/nrfcfg.conf
configuration:
  DefaultPlmnId:
    mcc: "208"
    mnc: "93"
  MongoDBName: free5gc
  MongoDBUrl: mongodb://mongodb-arbiter-headless
  mongoDBStreamEnable: false
  mongodb:
    name: free5gc
    url: mongodb://mongodb-arbiter-headless
  nfKeepAliveTime: 60
  nfProfileExpiryEnable: false
  sbi:
    bindingIPv4: 0.0.0.0
    port: 29510
    registerIPv4: nrf
    scheme: http
  serviceNameList:
  - nnrf-nfm
  - nnrf-disc
info:
  description: NRF initial local configuration
  version: 1.0.0
logger:
  AMF:
    ReportCaller: false
    debugLevel: info
  AUSF:
    ReportCaller: false
    debugLevel: info
  Aper:
    ReportCaller: false
    debugLevel: info
  CommonConsumerTest:
    ReportCaller: false
    debugLevel: info
  FSM:
    ReportCaller: false
    debugLevel: info
  MongoDBLibrary:
    ReportCaller: false
    debugLevel: info
  N3IWF:
    ReportCaller: false
    debugLevel: info
  NAS:
    ReportCaller: false
    debugLevel: info
  NGAP:
    ReportCaller: false
    debugLevel: info
  NRF:
    ReportCaller: false
    debugLevel: info
  NamfComm:
    ReportCaller: false
    debugLevel: info
  NamfEventExposure:
    ReportCaller: false
    debugLevel: info
  NsmfPDUSession:
    ReportCaller: false
    debugLevel: info
  NudrDataRepository:
    ReportCaller: false
    debugLevel: info
  OpenApi:
    ReportCaller: false
    debugLevel: info
  PCF:
    ReportCaller: false
    debugLevel: info
  PFCP:
    ReportCaller: false
    debugLevel: info
  PathUtil:
    ReportCaller: false
    debugLevel: info
  SMF:
    ReportCaller: false
    debugLevel: info
  UDM:
    ReportCaller: false
    debugLevel: info
  UDR:
    ReportCaller: false
    debugLevel: info
  WEBUI:
    ReportCaller: false
    debugLevel: info+ GOTRACEBACK=crash ./nrf/nrf -nrfcfg config/nrfcfg.conf
nrf
2024-06-12T08:58:43Z[36m [INFO][HEXA_NRF][App] [0mNRF version:  
	Not specify ldflags (which link version) during go build
	go version: go1.19.13 linux/amd64
2024-06-12T08:58:43Z[36m [INFO][HEXA_NRF][Init] [0mDefaultPlmnId Mnc 93 , Mcc 208
2024-06-12T08:58:43Z[36m [INFO][HEXA_NRF][Init] [0mMANAGED_BY_CONFIG_POD is true
2024-06-12T08:58:43Z[36m [INFO][CONN][GRPC] [0mConfig Client : Creating
2024-06-12T08:58:43Z[36m [INFO][CONN][GRPC] [0mDialing GRPC Connection -  webui:9876
2024-06-12T08:58:43Z[36m [INFO][CONN][GRPC] [0mConnecting to GRPC ...
2024-06-12T08:58:53Z[36m [INFO][CONN][GRPC] [0mConnecting to GRPC ...
2024-06-12T08:59:03Z[36m [INFO][CONN][GRPC] [0mConnecting to GRPC ...
2024-06-12T08:59:13Z[36m [INFO][CONN][GRPC] [0mConnecting to GRPC ...
2024-06-12T08:59:23Z[36m [INFO][CONN][GRPC] [0mConnecting to GRPC ...
2024-06-12T08:59:33Z[36m [INFO][CONN][GRPC] [0mConnecting to GRPC ...
2024-06-12T08:59:43Z[36m [INFO][CONN][GRPC] [0mConnecting to GRPC ...
2024-06-12T08:59:53Z[36m [INFO][CONN][GRPC] [0mConnecting to GRPC ...
2024/06/12 09:00:03 INFO: [core] [Channel #1] Channel created
2024/06/12 09:00:03 INFO: [core] [Channel #1] original dial target is: "webui:9876"
2024/06/12 09:00:03 INFO: [core] [Channel #1] parsed dial target is: resolver.Target{URL:url.URL{Scheme:"webui", Opaque:"9876", User:(*url.Userinfo)(nil), Host:"", Path:"", RawPath:"", OmitHost:false, ForceQuery:false, RawQuery:"", Fragment:"", RawFragment:""}}
2024/06/12 09:00:03 INFO: [core] [Channel #1] fallback to scheme "passthrough"
2024/06/12 09:00:03 INFO: [core] [Channel #1] parsed dial target is: passthrough:///webui:9876
2024/06/12 09:00:03 INFO: [core] [Channel #1] Channel authority set to "webui:9876"
2024/06/12 09:00:03 INFO: [core] [Channel #1] Resolver state updated: {
  "Addresses": [
    {
      "Addr": "webui:9876",
      "ServerName": "",
      "Attributes": null,
      "BalancerAttributes": null,
      "Metadata": null
    }
  ],
  "Endpoints": [
    {
      "Addresses": [
        {
          "Addr": "webui:9876",
          "ServerName": "",
          "Attributes": null,
          "BalancerAttributes": null,
          "Metadata": null
        }
      ],
      "Attributes": null
    }
  ],
  "ServiceConfig": null,
  "Attributes": null
} (resolver returned new addresses)
2024/06/12 09:00:03 INFO: [core] [Channel #1] Channel switches to new LB policy "pick_first"
2024/06/12 09:00:03 INFO: [core] [pick-first-lb 0xc0005d7b60] Received new config {
  "shuffleAddressList": false
}, resolver state {
  "Addresses": [
    {
      "Addr": "webui:9876",
      "ServerName": "",
      "Attributes": null,
      "BalancerAttributes": null,
      "Metadata": null
    }
  ],
  "Endpoints": [
    {
      "Addresses": [
        {
          "Addr": "webui:9876",
          "ServerName": "",
          "Attributes": null,
          "BalancerAttributes": null,
          "Metadata": null
        }
      ],
      "Attributes": null
    }
  ],
  "ServiceConfig": null,
  "Attributes": null
}
2024/06/12 09:00:03 INFO: [core] [Channel #1 SubChannel #2] Subchannel created
2024/06/12 09:00:03 INFO: [core] [Channel #1] Channel Connectivity change to CONNECTING
2024/06/12 09:00:03 INFO: [core] [Channel #1] Channel exiting idle mode
2024-06-12T09:00:03Z[36m [INFO][HEXA_NRF][Init] [0mNRF Log level is set to [info] level
2024-06-12T09:00:03Z[36m [INFO][LIB][Path] [0mset log level : info
2024-06-12T09:00:03Z[36m [INFO][LIB][Path] [0mset report call : false
2024/06/12 09:00:03 INFO: [core] [Channel #1 SubChannel #2] Subchannel Connectivity change to CONNECTING
2024/06/12 09:00:03 INFO: [core] [Channel #1 SubChannel #2] Subchannel picks a new address "webui:9876" to connect
2024-06-12T09:00:03Z[36m [INFO][LIB][MonDB] [0mset log level : info
2024-06-12T09:00:03Z[36m [INFO][LIB][MonDB] [0mset report call : false
2024-06-12T09:00:03Z[36m [INFO][HEXA_NRF][CFG] [0mconfig version [1.0.0]
2024-06-12T09:00:03Z[36m [INFO][CONN][GRPC] [0mSubscribing to Config POD
2024-06-12T09:00:03Z[36m [INFO][HEXA_NRF][Init] [0mServer started
2024-06-12T09:00:03Z[31m [ERRO][CONN][GRPC] [0mConnectivity status: Not Ready
2024/06/12 09:00:03 INFO: [core] [pick-first-lb 0xc0005d7b60] Received SubConn state update: 0xc0005d7c80, {ConnectivityState:CONNECTING ConnectionError:<nil>}
2024/06/12 09:00:03 MongoDB Connection Successful
2024-06-12T09:00:03Z[36m [INFO][HEXA_NRF][Init] [0mnrfconfig Info: Version[1.0.0] Description[NRF initial local configuration]
2024-06-12T09:00:03Z[36m [INFO][HEXA_NRF][Init] [0mMANAGED_BY_CONFIG_POD is true
2024-06-12T09:00:03Z[36m [INFO][HEXA_NRF][Init] [0mBinding addr: [0.0.0.0:29510]
2024/06/12 09:00:03 INFO: [core] [Channel #1 SubChannel #2] Subchannel Connectivity change to READY
2024/06/12 09:00:03 INFO: [core] [pick-first-lb 0xc0005d7b60] Received SubConn state update: 0xc0005d7c80, {ConnectivityState:READY ConnectionError:<nil>}
2024/06/12 09:00:03 INFO: [core] [Channel #1] Channel Connectivity change to READY
2024-06-12T09:00:04Z[36m [INFO][HEXA_NRF][MGMT] [0mHandle NFRegisterRequest
2024-06-12T09:00:04Z[36m [INFO][HEXA_NRF][MGMT] [0mHearBeat Timer value: %v sec 86400
2024-06-12T09:00:04Z[36m [INFO][HEXA_NRF][MGMT] [0murilist create
2024-06-12T09:00:04Z[36m [INFO][HEXA_NRF][MGMT] [0mHandle NFRegisterRequest
2024-06-12T09:00:04Z[36m [INFO][HEXA_NRF][MGMT] [0mHearBeat Timer value: %v sec 86400
2024-06-12T09:00:04Z[36m [INFO][CONN][GRPC] [0mConnectivity status: Ready
2024-06-12T09:00:04Z[36m [INFO][CONN][GRPC] [0mConfig Message received
2024-06-12T09:00:04Z[36m [INFO][CONN][GRPC] [0mInitial Config Received:
2024-06-12T09:00:04Z[36m [INFO][CONN][GRPC] [0m+---------------------------------------------+
2024-06-12T09:00:04Z[36m [INFO][CONN][GRPC] [0m| Network Slice                               |
2024-06-12T09:00:04Z[36m [INFO][CONN][GRPC] [0m|---------------------------------------------|
2024-06-12T09:00:04Z[36m [INFO][CONN][GRPC] [0m| Name                | hexa-slice-01         |
2024-06-12T09:00:04Z[36m [INFO][CONN][GRPC] [0m| Sst                 | 1                     |
2024-06-12T09:00:04Z[36m [INFO][CONN][GRPC] [0m| Sd                  | 010203                |
2024-06-12T09:00:04Z[36m [INFO][CONN][GRPC] [0m|---------------------------------------------|
2024-06-12T09:00:04Z[36m [INFO][CONN][GRPC] [0m| Device Group        | 5g-ue-01              |
2024-06-12T09:00:04Z[36m [INFO][CONN][GRPC] [0m| IP Domain Details   | pool1                 |
2024-06-12T09:00:04Z[36m [INFO][CONN][GRPC] [0m| DNN Name            | hexa                  |
2024-06-12T09:00:04Z[36m [INFO][CONN][GRPC] [0m| UE Pool             | 172.250.1.0/16        |
2024-06-12T09:00:04Z[36m [INFO][CONN][GRPC] [0m| DNS Primary         | 8.8.8.8               |
2024-06-12T09:00:04Z[36m [INFO][CONN][GRPC] [0m| MTU                 | 1460                  |
2024-06-12T09:00:04Z[36m [INFO][CONN][GRPC] [0m| DnnMbrUplink        | 20000000              |
2024-06-12T09:00:04Z[36m [INFO][CONN][GRPC] [0m| DnnMbrDownlink      | 200000000             |
2024-06-12T09:00:04Z[36m [INFO][CONN][GRPC] [0m| Traffic Class       | platinum              |
2024-06-12T09:00:04Z[36m [INFO][CONN][GRPC] [0m|                     | 001010100007487       |
2024-06-12T09:00:04Z[36m [INFO][CONN][GRPC] [0m|                     | 001010100007488       |
2024-06-12T09:00:04Z[36m [INFO][CONN][GRPC] [0m|                     | 001010100007489       |
2024-06-12T09:00:04Z[36m [INFO][CONN][GRPC] [0m|                     | 001010100007490       |
2024-06-12T09:00:04Z[36m [INFO][CONN][GRPC] [0m|                     | 001010100007491       |
2024-06-12T09:00:04Z[36m [INFO][CONN][GRPC] [0m|                     | 001010100007492       |
2024-06-12T09:00:04Z[36m [INFO][CONN][GRPC] [0m|                     | 001010100007401       |
2024-06-12T09:00:04Z[36m [INFO][CONN][GRPC] [0m| IMSI_LIST           | 001010100007494       |
2024-06-12T09:00:04Z[36m [INFO][CONN][GRPC] [0m|                     | 001010100007495       |
2024-06-12T09:00:04Z[36m [INFO][CONN][GRPC] [0m|                     | 001010100007496       |
2024-06-12T09:00:04Z[36m [INFO][CONN][GRPC] [0m|                     | 001010100007497       |
2024-06-12T09:00:04Z[36m [INFO][CONN][GRPC] [0m|                     | 001010100007498       |
2024-06-12T09:00:04Z[36m [INFO][CONN][GRPC] [0m|                     | 001010100007499       |
2024-06-12T09:00:04Z[36m [INFO][CONN][GRPC] [0m|                     | 001010100007500       |
2024-06-12T09:00:04Z[36m [INFO][CONN][GRPC] [0m|---------------------------------------------|
2024-06-12T09:00:04Z[36m [INFO][CONN][GRPC] [0m| Device Group        | 5g-ue-02              |
2024-06-12T09:00:04Z[36m [INFO][CONN][GRPC] [0m| IP Domain Details   | pool2                 |
2024-06-12T09:00:04Z[36m [INFO][CONN][GRPC] [0m| DNN Name            | hexa                  |
2024-06-12T09:00:04Z[36m [INFO][CONN][GRPC] [0m| UE Pool             | 172.250.1.0/16        |
2024-06-12T09:00:04Z[36m [INFO][CONN][GRPC] [0m| DNS Primary         | 8.8.8.8               |
2024-06-12T09:00:04Z[36m [INFO][CONN][GRPC] [0m| MTU                 | 1460                  |
2024-06-12T09:00:04Z[36m [INFO][CONN][GRPC] [0m| DnnMbrUplink        | 10000000              |
2024-06-12T09:00:04Z[36m [INFO][CONN][GRPC] [0m| DnnMbrDownlink      | 400000000             |
2024-06-12T09:00:04Z[36m [INFO][CONN][GRPC] [0m| Traffic Class       | platinum              |
2024-06-12T09:00:04Z[36m [INFO][CONN][GRPC] [0m|                     | 001010100007501       |
2024-06-12T09:00:04Z[36m [INFO][CONN][GRPC] [0m|                     | 001010100007502       |
2024-06-12T09:00:04Z[36m [INFO][CONN][GRPC] [0m|                     | 001010100007503       |
2024-06-12T09:00:04Z[36m [INFO][CONN][GRPC] [0m|                     | 001010100007504       |
2024-06-12T09:00:04Z[36m [INFO][CONN][GRPC] [0m|                     | 001010100007505       |
2024-06-12T09:00:04Z[36m [INFO][CONN][GRPC] [0m| IMSI_LIST           | 001010100007506       |
2024-06-12T09:00:04Z[36m [INFO][CONN][GRPC] [0m|                     | 001010100007507       |
2024-06-12T09:00:04Z[36m [INFO][CONN][GRPC] [0m|                     | 001010100007508       |
2024-06-12T09:00:04Z[36m [INFO][CONN][GRPC] [0m|                     | 001010100007509       |
2024-06-12T09:00:04Z[36m [INFO][CONN][GRPC] [0m|                     | 001010100007510       |
2024-06-12T09:00:04Z[36m [INFO][CONN][GRPC] [0m|---------------------------------------------|
2024-06-12T09:00:04Z[36m [INFO][CONN][GRPC] [0m| Site                | hexa                  |
2024-06-12T09:00:04Z[36m [INFO][CONN][GRPC] [0m| GNB                 | hexa-gnb-01           |
2024-06-12T09:00:04Z[36m [INFO][CONN][GRPC] [0m| TAC                 | 1                     |
2024-06-12T09:00:04Z[36m [INFO][CONN][GRPC] [0m|---------------------------------------------|
2024-06-12T09:00:04Z[36m [INFO][CONN][GRPC] [0m| GNB                 | hexa-gnb-02           |
2024-06-12T09:00:04Z[36m [INFO][CONN][GRPC] [0m| TAC                 | 2                     |
2024-06-12T09:00:04Z[36m [INFO][CONN][GRPC] [0m|---------------------------------------------|
2024-06-12T09:00:04Z[36m [INFO][CONN][GRPC] [0m| MCC                 | 001                   |
2024-06-12T09:00:04Z[36m [INFO][CONN][GRPC] [0m| MNC                 | 01                    |
2024-06-12T09:00:04Z[36m [INFO][CONN][GRPC] [0m| UPF                 | hexa-upf              |
2024-06-12T09:00:04Z[36m [INFO][CONN][GRPC] [0m| Traffic Class       | IPV4                  |
2024-06-12T09:00:04Z[36m [INFO][CONN][GRPC] [0m| Flow Direction      | BIDIRECTIONAL         |
2024-06-12T09:00:04Z[36m [INFO][CONN][GRPC] [0m| Flow Status         | ENABLED               |
2024-06-12T09:00:04Z[36m [INFO][CONN][GRPC] [0m| Rule ID             | ALLOW-ALL             |
2024-06-12T09:00:04Z[36m [INFO][CONN][GRPC] [0m| Priority            | 250                   |
2024-06-12T09:00:04Z[36m [INFO][CONN][GRPC] [0m|---------------------------------------------|
2024-06-12T09:00:04Z[36m [INFO][CONN][GRPC] [0m+---------------------------------------------+
2024-06-12T09:00:04Z[36m [INFO][HEXA_NRF][GRPC] [0mReceived updateConfig in the nrf app :
2024-06-12T09:00:04Z[36m [INFO][HEXA_NRF][GRPC] [0m+---------------------------------------------+
2024-06-12T09:00:04Z[36m [INFO][HEXA_NRF][GRPC] [0m| Network Slice                               |
2024-06-12T09:00:04Z[36m [INFO][HEXA_NRF][GRPC] [0m|---------------------------------------------|
2024-06-12T09:00:04Z[36m [INFO][HEXA_NRF][GRPC] [0m| Name                | hexa-slice-01         |
2024-06-12T09:00:04Z[36m [INFO][HEXA_NRF][GRPC] [0m| Sst                 | 1                     |
2024-06-12T09:00:04Z[36m [INFO][HEXA_NRF][GRPC] [0m| Sd                  | 010203                |
2024-06-12T09:00:04Z[36m [INFO][HEXA_NRF][GRPC] [0m|---------------------------------------------|
2024-06-12T09:00:04Z[36m [INFO][HEXA_NRF][GRPC] [0m| Device Group        | 5g-ue-01              |
2024-06-12T09:00:04Z[36m [INFO][HEXA_NRF][GRPC] [0m| IP Domain Details   | pool1                 |
2024-06-12T09:00:04Z[36m [INFO][HEXA_NRF][GRPC] [0m| DNN Name            | hexa                  |
2024-06-12T09:00:04Z[36m [INFO][HEXA_NRF][GRPC] [0m| UE Pool             | 172.250.1.0/16        |
2024-06-12T09:00:04Z[36m [INFO][HEXA_NRF][GRPC] [0m| DNS Primary         | 8.8.8.8               |
2024-06-12T09:00:04Z[36m [INFO][HEXA_NRF][GRPC] [0m| MTU                 | 1460                  |
2024-06-12T09:00:04Z[36m [INFO][HEXA_NRF][GRPC] [0m| DnnMbrUplink        | 20000000              |
2024-06-12T09:00:04Z[36m [INFO][HEXA_NRF][GRPC] [0m| DnnMbrDownlink      | 200000000             |
2024-06-12T09:00:04Z[36m [INFO][HEXA_NRF][GRPC] [0m| Traffic Class       | platinum              |
2024-06-12T09:00:04Z[36m [INFO][HEXA_NRF][GRPC] [0m|                     | 001010100007487       |
2024-06-12T09:00:04Z[36m [INFO][HEXA_NRF][GRPC] [0m|                     | 001010100007488       |
2024-06-12T09:00:04Z[36m [INFO][HEXA_NRF][GRPC] [0m|                     | 001010100007489       |
2024-06-12T09:00:04Z[36m [INFO][HEXA_NRF][GRPC] [0m|                     | 001010100007490       |
2024-06-12T09:00:04Z[36m [INFO][HEXA_NRF][GRPC] [0m|                     | 001010100007491       |
2024-06-12T09:00:04Z[36m [INFO][HEXA_NRF][GRPC] [0m|                     | 001010100007492       |
2024-06-12T09:00:04Z[36m [INFO][HEXA_NRF][GRPC] [0m|                     | 001010100007401       |
2024-06-12T09:00:04Z[36m [INFO][HEXA_NRF][GRPC] [0m| IMSI_Supported      | 001010100007494       |
2024-06-12T09:00:04Z[36m [INFO][HEXA_NRF][GRPC] [0m|                     | 001010100007495       |
2024-06-12T09:00:04Z[36m [INFO][HEXA_NRF][GRPC] [0m|                     | 001010100007496       |
2024-06-12T09:00:04Z[36m [INFO][HEXA_NRF][GRPC] [0m|                     | 001010100007497       |
2024-06-12T09:00:04Z[36m [INFO][HEXA_NRF][GRPC] [0m|                     | 001010100007498       |
2024-06-12T09:00:04Z[36m [INFO][HEXA_NRF][GRPC] [0m|                     | 001010100007499       |
2024-06-12T09:00:04Z[36m [INFO][HEXA_NRF][GRPC] [0m|                     | 001010100007500       |
2024-06-12T09:00:04Z[36m [INFO][HEXA_NRF][GRPC] [0m|---------------------------------------------|
2024-06-12T09:00:04Z[36m [INFO][HEXA_NRF][GRPC] [0m| Device Group        | 5g-ue-02              |
2024-06-12T09:00:04Z[36m [INFO][HEXA_NRF][GRPC] [0m| IP Domain Details   | pool2                 |
2024-06-12T09:00:04Z[36m [INFO][HEXA_NRF][GRPC] [0m| DNN Name            | hexa                  |
2024-06-12T09:00:04Z[36m [INFO][HEXA_NRF][GRPC] [0m| UE Pool             | 172.250.1.0/16        |
2024-06-12T09:00:04Z[36m [INFO][HEXA_NRF][GRPC] [0m| DNS Primary         | 8.8.8.8               |
2024-06-12T09:00:04Z[36m [INFO][HEXA_NRF][GRPC] [0m| MTU                 | 1460                  |
2024-06-12T09:00:04Z[36m [INFO][HEXA_NRF][GRPC] [0m| DnnMbrUplink        | 10000000              |
2024-06-12T09:00:04Z[36m [INFO][HEXA_NRF][GRPC] [0m| DnnMbrDownlink      | 400000000             |
2024-06-12T09:00:04Z[36m [INFO][HEXA_NRF][GRPC] [0m| Traffic Class       | platinum              |
2024-06-12T09:00:04Z[36m [INFO][HEXA_NRF][GRPC] [0m|                     | 001010100007501       |
2024-06-12T09:00:04Z[36m [INFO][HEXA_NRF][GRPC] [0m|                     | 001010100007502       |
2024-06-12T09:00:04Z[36m [INFO][HEXA_NRF][GRPC] [0m|                     | 001010100007503       |
2024-06-12T09:00:04Z[36m [INFO][HEXA_NRF][GRPC] [0m|                     | 001010100007504       |
2024-06-12T09:00:04Z[36m [INFO][HEXA_NRF][GRPC] [0m|                     | 001010100007505       |
2024-06-12T09:00:04Z[36m [INFO][HEXA_NRF][GRPC] [0m| IMSI_Supported      | 001010100007506       |
2024-06-12T09:00:04Z[36m [INFO][HEXA_NRF][GRPC] [0m|                     | 001010100007507       |
2024-06-12T09:00:04Z[36m [INFO][HEXA_NRF][GRPC] [0m|                     | 001010100007508       |
2024-06-12T09:00:04Z[36m [INFO][HEXA_NRF][GRPC] [0m|                     | 001010100007509       |
2024-06-12T09:00:04Z[36m [INFO][HEXA_NRF][GRPC] [0m|                     | 001010100007510       |
2024-06-12T09:00:04Z[36m [INFO][HEXA_NRF][GRPC] [0m|---------------------------------------------|
2024-06-12T09:00:04Z[36m [INFO][HEXA_NRF][GRPC] [0m| Site                | hexa                  |
2024-06-12T09:00:04Z[36m [INFO][HEXA_NRF][GRPC] [0m| GNB                 | hexa-gnb-01           |
2024-06-12T09:00:04Z[36m [INFO][HEXA_NRF][GRPC] [0m| TAC                 | 1                     |
2024-06-12T09:00:04Z[36m [INFO][HEXA_NRF][GRPC] [0m|---------------------------------------------|
2024-06-12T09:00:04Z[36m [INFO][HEXA_NRF][GRPC] [0m| GNB                 | hexa-gnb-02           |
2024-06-12T09:00:04Z[36m [INFO][HEXA_NRF][GRPC] [0m| TAC                 | 2                     |
2024-06-12T09:00:04Z[36m [INFO][HEXA_NRF][GRPC] [0m|---------------------------------------------|
2024-06-12T09:00:04Z[36m [INFO][HEXA_NRF][GRPC] [0m| MCC                 | 001                   |
2024-06-12T09:00:04Z[36m [INFO][HEXA_NRF][GRPC] [0m| MNC                 | 01                    |
2024-06-12T09:00:04Z[36m [INFO][HEXA_NRF][GRPC] [0m| UPF                 | hexa-upf              |
2024-06-12T09:00:04Z[36m [INFO][HEXA_NRF][GRPC] [0m| Traffic Class       | IPV4                  |
2024-06-12T09:00:04Z[36m [INFO][HEXA_NRF][GRPC] [0m| Flow Direction      | BIDIRECTIONAL         |
2024-06-12T09:00:04Z[36m [INFO][HEXA_NRF][GRPC] [0m| Flow Status         | ENABLED               |
2024-06-12T09:00:04Z[36m [INFO][HEXA_NRF][GRPC] [0m| Rule ID             | ALLOW-ALL             |
2024-06-12T09:00:04Z[36m [INFO][HEXA_NRF][GRPC] [0m| Priority            | 250                   |
2024-06-12T09:00:04Z[36m [INFO][HEXA_NRF][GRPC] [0m+---------------------------------------------+
2024-06-12T09:00:04Z[36m [INFO][HEXA_NRF][GRPC] [0mNetwork Slice Name  hexa-slice-01
2024-06-12T09:00:04Z[36m [INFO][HEXA_NRF][GRPC] [0mNetwork Slice has site name present
2024-06-12T09:00:04Z[36m [INFO][HEXA_NRF][GRPC] [0mSite name  hexa
2024-06-12T09:00:04Z[36m [INFO][HEXA_NRF][GRPC] [0mPlmn mcc  001
2024-06-12T09:00:04Z[36m [INFO][HEXA_NRF][GRPC] [0mminimum config Available
2024-06-12T09:00:05Z[36m [INFO][HEXA_NRF][MGMT] [0mHandle NFRegisterRequest
2024-06-12T09:00:05Z[36m [INFO][HEXA_NRF][MGMT] [0mHearBeat Timer value: %v sec 86400
2024-06-12T09:00:05Z[36m [INFO][HEXA_NRF][MGMT] [0mHandle NFRegisterRequest
2024-06-12T09:00:05Z[36m [INFO][HEXA_NRF][MGMT] [0mHearBeat Timer value: %v sec 86400
2024-06-12T09:00:06Z[36m [INFO][HEXA_NRF][MGMT] [0mHandle NFRegisterRequest
2024-06-12T09:00:06Z[36m [INFO][HEXA_NRF][MGMT] [0mHearBeat Timer value: %v sec 86400
2024-06-12T09:00:11Z[36m [INFO][HEXA_NRF][MGMT] [0mCreate NF Profile  UDM
2024-06-12T09:00:11Z[36m [INFO][HEXA_NRF][MGMT] [0mLocation header:  http://nrf:29510/nnrf-nfm/v1/nf-instances/43faea38-2d1e-43ca-94c9-edfc0b6e0cdb
2024-06-12T09:00:11Z[36m [INFO][HEXA_NRF][GIN] [0m| 201 |  192.168.84.214 | PUT     | /nnrf-nfm/v1/nf-instances/43faea38-2d1e-43ca-94c9-edfc0b6e0cdb |
2024-06-12T09:00:11Z[36m [INFO][HEXA_NRF][MGMT] [0murilist create
2024-06-12T09:00:11Z[36m [INFO][HEXA_NRF][MGMT] [0murilist create
2024-06-12T09:00:11Z[36m [INFO][HEXA_NRF][MGMT] [0murilist create
2024-06-12T09:00:11Z[36m [INFO][HEXA_NRF][MGMT] [0murilist create
2024-06-12T09:00:11Z[36m [INFO][HEXA_NRF][MGMT] [0mCreate NF Profile  SMF
2024-06-12T09:00:11Z[36m [INFO][HEXA_NRF][MGMT] [0mLocation header:  http://nrf:29510/nnrf-nfm/v1/nf-instances/98987ff7-8cb1-43bf-ae87-9f09650ae2bb
2024-06-12T09:00:11Z[36m [INFO][HEXA_NRF][GIN] [0m| 201 |  192.168.84.245 | PUT     | /nnrf-nfm/v1/nf-instances/98987ff7-8cb1-43bf-ae87-9f09650ae2bb |
2024-06-12T09:00:11Z[36m [INFO][HEXA_NRF][MGMT] [0mCreate NF Profile  PCF
2024-06-12T09:00:11Z[36m [INFO][HEXA_NRF][MGMT] [0mCreate NF Profile  AMF
2024-06-12T09:00:11Z[36m [INFO][HEXA_NRF][MGMT] [0mCreate NF Profile  NSSF
2024-06-12T09:00:11Z[36m [INFO][HEXA_NRF][MGMT] [0mLocation header:  http://nrf:29510/nnrf-nfm/v1/nf-instances/ec5bacee-49d7-4b26-8e12-5dedabea1f11
2024-06-12T09:00:11Z[36m [INFO][HEXA_NRF][MGMT] [0mLocation header:  http://nrf:29510/nnrf-nfm/v1/nf-instances/b024252e-6ab3-44ca-abc4-0f3dab2f3654
2024-06-12T09:00:11Z[36m [INFO][HEXA_NRF][GIN] [0m| 201 |  192.168.84.222 | PUT     | /nnrf-nfm/v1/nf-instances/ec5bacee-49d7-4b26-8e12-5dedabea1f11 |
2024-06-12T09:00:11Z[36m [INFO][HEXA_NRF][GIN] [0m| 201 |  192.168.84.221 | PUT     | /nnrf-nfm/v1/nf-instances/b024252e-6ab3-44ca-abc4-0f3dab2f3654 |
2024-06-12T09:00:11Z[36m [INFO][HEXA_NRF][MGMT] [0mLocation header:  http://nrf:29510/nnrf-nfm/v1/nf-instances/8ed77048-56e1-4d9f-b5ab-657021ead068
2024-06-12T09:00:11Z[36m [INFO][HEXA_NRF][GIN] [0m| 201 |  192.168.84.206 | PUT     | /nnrf-nfm/v1/nf-instances/8ed77048-56e1-4d9f-b5ab-657021ead068 |
2024-06-12T09:00:11Z[36m [INFO][HEXA_NRF][DSCV] [0mHandle NFDiscoveryRequest
2024-06-12T09:00:11Z[36m [INFO][HEXA_NRF][GIN] [0m| 200 |  192.168.84.222 | GET     | /nnrf-disc/v1/nf-instances?requester-nf-type=PCF&service-names=nudr-dr&target-nf-type=UDR |
2024-06-12T09:00:11Z[36m [INFO][HEXA_NRF][MGMT] [0mHandle NFRegisterRequest
2024-06-12T09:00:11Z[36m [INFO][HEXA_NRF][MGMT] [0mHearBeat Timer value: %v sec 86400
2024-06-12T09:00:11Z[36m [INFO][HEXA_NRF][MGMT] [0murilist create
2024-06-12T09:00:11Z[36m [INFO][HEXA_NRF][MGMT] [0mCreate NF Profile  UDR
2024-06-12T09:00:11Z[36m [INFO][HEXA_NRF][MGMT] [0mLocation header:  http://nrf:29510/nnrf-nfm/v1/nf-instances/fa0fa6ce-7932-47bf-beee-0ded42d07f73
2024-06-12T09:00:11Z[36m [INFO][HEXA_NRF][GIN] [0m| 201 |  192.168.84.197 | PUT     | /nnrf-nfm/v1/nf-instances/fa0fa6ce-7932-47bf-beee-0ded42d07f73 |
2024-06-12T09:06:08Z[36m [INFO][HEXA_NRF][MGMT] [0mHandle NFRegisterRequest
2024-06-12T09:06:08Z[36m [INFO][HEXA_NRF][MGMT] [0mHearBeat Timer value: %v sec 86400
2024-06-12T09:06:08Z[36m [INFO][HEXA_NRF][MGMT] [0murilist create
2024-06-12T09:06:08Z[36m [INFO][HEXA_NRF][MGMT] [0mCreate NF Profile  AUSF
2024-06-12T09:06:08Z[36m [INFO][HEXA_NRF][MGMT] [0mLocation header:  http://nrf:29510/nnrf-nfm/v1/nf-instances/9e8c156c-1852-4a3d-b0d4-48b5fdc3828e
2024-06-12T09:06:08Z[36m [INFO][HEXA_NRF][GIN] [0m| 201 |  192.168.84.198 | PUT     | /nnrf-nfm/v1/nf-instances/9e8c156c-1852-4a3d-b0d4-48b5fdc3828e |
2024-06-12T09:07:17Z[36m [INFO][HEXA_NRF][DSCV] [0mHandle NFDiscoveryRequest
2024-06-12T09:07:17Z[36m [INFO][HEXA_NRF][GIN] [0m| 200 |  192.168.84.206 | GET     | /nnrf-disc/v1/nf-instances?requester-nf-type=AMF&target-nf-type=AUSF |
2024-06-12T09:07:17Z[36m [INFO][HEXA_NRF][MGMT] [0mHandle CreateSubscriptionRequest
2024-06-12T09:07:17Z[36m [INFO][HEXA_NRF][GIN] [0m| 201 |  192.168.84.206 | POST    | /nnrf-nfm/v1/subscriptions |
2024-06-12T09:07:17Z[36m [INFO][HEXA_NRF][DSCV] [0mHandle NFDiscoveryRequest
2024-06-12T09:07:17Z[36m [INFO][HEXA_NRF][GIN] [0m| 200 |  192.168.84.198 | GET     | /nnrf-disc/v1/nf-instances?requester-nf-type=AUSF&service-names=nudm-ueau&target-nf-type=UDM |
2024-06-12T09:07:17Z[36m [INFO][HEXA_NRF][DSCV] [0mHandle NFDiscoveryRequest
2024-06-12T09:07:17Z[36m [INFO][HEXA_NRF][GIN] [0m| 200 |  192.168.84.214 | GET     | /nnrf-disc/v1/nf-instances?requester-nf-type=UDM&target-nf-type=UDR |
2024-06-12T09:07:17Z[36m [INFO][HEXA_NRF][DSCV] [0mHandle NFDiscoveryRequest
2024-06-12T09:07:17Z[36m [INFO][HEXA_NRF][GIN] [0m| 200 |  192.168.84.198 | GET     | /nnrf-disc/v1/nf-instances?requester-nf-type=AUSF&service-names=nudm-ueau&target-nf-type=UDM |
2024-06-12T09:07:17Z[36m [INFO][HEXA_NRF][DSCV] [0mHandle NFDiscoveryRequest
2024-06-12T09:07:17Z[36m [INFO][HEXA_NRF][GIN] [0m| 200 |  192.168.84.206 | GET     | /nnrf-disc/v1/nf-instances?requester-nf-type=AMF&supi=imsi-001010100007487&target-nf-type=UDM |
2024-06-12T09:07:17Z[36m [INFO][HEXA_NRF][MGMT] [0mHandle CreateSubscriptionRequest
2024-06-12T09:07:17Z[36m [INFO][HEXA_NRF][GIN] [0m| 201 |  192.168.84.206 | POST    | /nnrf-nfm/v1/subscriptions |
2024-06-12T09:07:17Z[36m [INFO][HEXA_NRF][DSCV] [0mHandle NFDiscoveryRequest
2024-06-12T09:07:17Z[36m [INFO][HEXA_NRF][GIN] [0m| 200 |  192.168.84.206 | GET     | /nnrf-disc/v1/nf-instances?requester-nf-type=AMF&supi=imsi-001010100007487&target-nf-type=UDM |
2024-06-12T09:07:17Z[36m [INFO][HEXA_NRF][DSCV] [0mHandle NFDiscoveryRequest
2024-06-12T09:07:17Z[36m [INFO][HEXA_NRF][GIN] [0m| 200 |  192.168.84.214 | GET     | /nnrf-disc/v1/nf-instances?requester-nf-type=UDM&target-nf-type=UDR |
2024-06-12T09:07:17Z[36m [INFO][HEXA_NRF][DSCV] [0mHandle NFDiscoveryRequest
2024-06-12T09:07:17Z[36m [INFO][HEXA_NRF][GIN] [0m| 200 |  192.168.84.214 | GET     | /nnrf-disc/v1/nf-instances?requester-nf-type=UDM&target-nf-type=UDR |
2024-06-12T09:07:17Z[36m [INFO][HEXA_NRF][DSCV] [0mHandle NFDiscoveryRequest
2024-06-12T09:07:17Z[36m [INFO][HEXA_NRF][GIN] [0m| 200 |  192.168.84.214 | GET     | /nnrf-disc/v1/nf-instances?requester-nf-type=UDM&target-nf-type=UDR |
2024-06-12T09:07:17Z[36m [INFO][HEXA_NRF][DSCV] [0mHandle NFDiscoveryRequest
2024-06-12T09:07:17Z[36m [INFO][HEXA_NRF][GIN] [0m| 200 |  192.168.84.214 | GET     | /nnrf-disc/v1/nf-instances?requester-nf-type=UDM&target-nf-type=UDR |
2024-06-12T09:07:17Z[36m [INFO][HEXA_NRF][DSCV] [0mHandle NFDiscoveryRequest
2024-06-12T09:07:17Z[36m [INFO][HEXA_NRF][GIN] [0m| 200 |  192.168.84.206 | GET     | /nnrf-disc/v1/nf-instances?requester-nf-type=AMF&supi=imsi-001010100007487&target-nf-type=PCF |
2024-06-12T09:07:17Z[36m [INFO][HEXA_NRF][MGMT] [0mHandle CreateSubscriptionRequest
2024-06-12T09:07:17Z[36m [INFO][HEXA_NRF][GIN] [0m| 201 |  192.168.84.206 | POST    | /nnrf-nfm/v1/subscriptions |
2024-06-12T09:07:17Z[36m [INFO][HEXA_NRF][DSCV] [0mHandle NFDiscoveryRequest
2024-06-12T09:07:17Z[36m [INFO][HEXA_NRF][GIN] [0m| 200 |  192.168.84.222 | GET     | /nnrf-disc/v1/nf-instances?requester-nf-type=PCF&target-nf-type=UDR |
2024-06-12T09:07:17Z[36m [INFO][HEXA_NRF][DSCV] [0mHandle NFDiscoveryRequest
2024-06-12T09:07:17Z[36m [INFO][HEXA_NRF][GIN] [0m| 200 |  192.168.84.222 | GET     | /nnrf-disc/v1/nf-instances?guami=%7B%22plmnId%22%3A%7B%22mcc%22%3A%22001%22%2C%22mnc%22%3A%2201%22%7D%2C%22amfId%22%3A%22cafe00%22%7D&requester-nf-type=PCF&target-nf-type=AMF |
2024-06-12T09:07:17Z[36m [INFO][HEXA_NRF][DSCV] [0mHandle NFDiscoveryRequest
2024-06-12T09:07:17Z[36m [INFO][HEXA_NRF][GIN] [0m| 200 |  192.168.84.206 | GET     | /nnrf-disc/v1/nf-instances?requester-nf-type=AMF&target-nf-type=NSSF |
2024-06-12T09:07:17Z[36m [INFO][HEXA_NRF][MGMT] [0mHandle CreateSubscriptionRequest
2024-06-12T09:07:17Z[36m [INFO][HEXA_NRF][GIN] [0m| 201 |  192.168.84.206 | POST    | /nnrf-nfm/v1/subscriptions |
2024-06-12T09:07:17Z[36m [INFO][HEXA_NRF][DSCV] [0mHandle NFDiscoveryRequest
2024-06-12T09:07:17Z[36m [INFO][HEXA_NRF][GIN] [0m| 200 |  192.168.84.206 | GET     | /nnrf-disc/v1/nf-instances?dnn=hexa&requester-nf-type=AMF&service-names=nsmf-pdusession&snssais=%7B%22sst%22%3A1%2C%22sd%22%3A%22010203%22%7D&target-nf-type=SMF&target-plmn-list=%7B%22mcc%22%3A%22001%22%2C%22mnc%22%3A%2201%22%7D |
2024-06-12T09:07:17Z[36m [INFO][HEXA_NRF][MGMT] [0mHandle CreateSubscriptionRequest
2024-06-12T09:07:17Z[36m [INFO][HEXA_NRF][GIN] [0m| 201 |  192.168.84.206 | POST    | /nnrf-nfm/v1/subscriptions |
2024-06-12T09:07:17Z[36m [INFO][HEXA_NRF][DSCV] [0mHandle NFDiscoveryRequest
2024-06-12T09:07:17Z[36m [INFO][HEXA_NRF][GIN] [0m| 200 |  192.168.84.245 | GET     | /nnrf-disc/v1/nf-instances?requester-nf-type=SMF&target-nf-type=UDM |
2024-06-12T09:07:17Z[36m [INFO][HEXA_NRF][MGMT] [0mHandle CreateSubscriptionRequest
2024-06-12T09:07:17Z[36m [INFO][HEXA_NRF][GIN] [0m| 201 |  192.168.84.245 | POST    | /nnrf-nfm/v1/subscriptions |
2024-06-12T09:07:17Z[36m [INFO][HEXA_NRF][DSCV] [0mHandle NFDiscoveryRequest
2024-06-12T09:07:17Z[36m [INFO][HEXA_NRF][GIN] [0m| 200 |  192.168.84.245 | GET     | /nnrf-disc/v1/nf-instances?requester-nf-type=SMF&target-nf-type=PCF |
2024-06-12T09:07:17Z[36m [INFO][HEXA_NRF][DSCV] [0mHandle NFDiscoveryRequest
2024-06-12T09:07:17Z[36m [INFO][HEXA_NRF][GIN] [0m| 200 |  192.168.84.245 | GET     | /nnrf-disc/v1/nf-instances?requester-nf-type=SMF&target-nf-instance-id=8ed77048-56e1-4d9f-b5ab-657021ead068&target-nf-type=AMF |
2024-06-12T09:07:17Z[36m [INFO][HEXA_NRF][MGMT] [0mHandle CreateSubscriptionRequest
2024-06-12T09:07:17Z[36m [INFO][HEXA_NRF][GIN] [0m| 201 |  192.168.84.245 | POST    | /nnrf-nfm/v1/subscriptions |
