+ cd /free5gc
+ cat config/udmcfg.conf
configuration:
  keys:
    udmProfileAHNPrivateKey: c53c22208b61860b06c62e5406a7b330c2b577aa5558981510d128247d38bd1d
    udmProfileAHNPublicKey: 5a8d38864820197c3394b92613b20b91633cbd897119273bf8e4a6f4eec0a650
    udmProfileBHNPrivateKey: F1AB1074477EBCC7F554EA1C5FC368B1616730155E0041AC447D6301975FECDA
    udmProfileBHNPublicKey: 0472DA71976234CE833A6907425867B82E074D44EF907DFB4B3E21C1C2256EBCD15A7DED52FCBB097A4ED250E036C7B9C8C7004C4EEDC4F068CD7BF8D3F900E3B4
  nrfUri: http://nrf:29510
  plmnList:
  - plmnId:
      mcc: "208"
      mnc: "93"
  - plmnId:
      mcc: "222"
      mnc: "88"
  sbi:
    bindingIPv4: 0.0.0.0
    port: 29503
    registerIPv4: udm
    scheme: http
    tls:
      key: free5gc/support/TLS/udm.key
      log: free5gc/udmsslkey.log
      pem: free5gc/support/TLS/udm.pem
  serviceNameList:
  - nudm-sdm
  - nudm-uecm
  - nudm-ueau
  - nudm-ee
  - nudm-pp
info:
  description: UDM initial local configuration
  version: 1.0.0
logger:
  AMF:
    ReportCaller: false
    debugLevel: info
  AUSF:
    ReportCaller: false
    debugLevel: info
  Aper:
    ReportCaller: false
    debugLevel: info
  CommonConsumerTest:
    ReportCaller: false
    debugLevel: info
  FSM:
    ReportCaller: false
    debugLevel: info
  MongoDBLibrary:
    ReportCaller: false
    debugLevel: info
  N3IWF:
    ReportCaller: false
    debugLevel: info
  NAS:
    ReportCaller: false
    debugLevel: info
  NGAP:
    ReportCaller: false
    debugLevel: info
  NRF:
    ReportCaller: false
    debugLevel: info
  NamfComm:
    ReportCaller: false
    debugLevel: info
  NamfEventExposure:
    ReportCaller: false
    debugLevel: info
  NsmfPDUSession:
    ReportCaller: false
    debugLevel: info
  NudrDataRepository:
    ReportCaller: false
    debugLevel: info
  OpenApi:
    ReportCaller: false
    debugLevel: info
  PCF:
    ReportCaller: false
    debugLevel: info
  PFCP:
    ReportCaller: false
    debugLevel: info
  PathUtil:
    ReportCaller: false
    debugLevel: info
  SMF:
    ReportCaller: false
    debugLevel: info
  UDM:
    ReportCaller: false
    debugLevel: info
  UDR:
    ReportCaller: false
    debugLevel: info
  WEBUI:
    ReportCaller: false
    debugLevel: info+ GOTRACEBACK=crash ./udm/udm -udmcfg config/udmcfg.conf
HEXA_udm
2024-06-12T08:58:43Z[36m [INFO][HEXA_UDM][Init] [0mUDM Log level is set to [info] level
2024-06-12T08:58:43Z[36m [INFO][LIB][Path] [0mset log level : info
2024-06-12T08:58:43Z[36m [INFO][LIB][Path] [0mset report call : false
2024-06-12T08:58:43Z[36m [INFO][HEXA_UDM][CFG] [0mconfig version [1.0.0]
2024-06-12T08:58:43Z[36m [INFO][HEXA_UDM][Init] [0mMANAGED_BY_CONFIG_POD is true
2024-06-12T08:58:43Z[36m [INFO][CONN][GRPC] [0mConfig Client : Creating
2024-06-12T08:58:43Z[36m [INFO][CONN][GRPC] [0mDialing GRPC Connection -  webui:9876
2024-06-12T08:58:43Z[36m [INFO][CONN][GRPC] [0mConnecting to GRPC ...
2024-06-12T08:58:53Z[36m [INFO][CONN][GRPC] [0mConnecting to GRPC ...
2024-06-12T08:59:03Z[36m [INFO][CONN][GRPC] [0mConnecting to GRPC ...
2024-06-12T08:59:13Z[36m [INFO][CONN][GRPC] [0mConnecting to GRPC ...
2024-06-12T08:59:23Z[36m [INFO][CONN][GRPC] [0mConnecting to GRPC ...
2024-06-12T08:59:33Z[36m [INFO][CONN][GRPC] [0mConnecting to GRPC ...
2024-06-12T08:59:43Z[36m [INFO][CONN][GRPC] [0mConnecting to GRPC ...
2024-06-12T08:59:53Z[36m [INFO][CONN][GRPC] [0mConnecting to GRPC ...
2024/06/12 09:00:03 INFO: [core] [Channel #1] Channel created
2024/06/12 09:00:03 INFO: [core] [Channel #1] original dial target is: "webui:9876"
2024/06/12 09:00:03 INFO: [core] [Channel #1] parsed dial target is: resolver.Target{URL:url.URL{Scheme:"webui", Opaque:"9876", User:(*url.Userinfo)(nil), Host:"", Path:"", RawPath:"", OmitHost:false, ForceQuery:false, RawQuery:"", Fragment:"", RawFragment:""}}
2024/06/12 09:00:03 INFO: [core] [Channel #1] fallback to scheme "passthrough"
2024/06/12 09:00:03 INFO: [core] [Channel #1] parsed dial target is: passthrough:///webui:9876
2024/06/12 09:00:03 INFO: [core] [Channel #1] Channel authority set to "webui:9876"
2024/06/12 09:00:03 INFO: [core] [Channel #1] Resolver state updated: {
  "Addresses": [
    {
      "Addr": "webui:9876",
      "ServerName": "",
      "Attributes": null,
      "BalancerAttributes": null,
      "Metadata": null
    }
  ],
  "Endpoints": [
    {
      "Addresses": [
        {
          "Addr": "webui:9876",
          "ServerName": "",
          "Attributes": null,
          "BalancerAttributes": null,
          "Metadata": null
        }
      ],
      "Attributes": null
    }
  ],
  "ServiceConfig": null,
  "Attributes": null
} (resolver returned new addresses)
2024/06/12 09:00:03 INFO: [core] [Channel #1] Channel switches to new LB policy "pick_first"
2024/06/12 09:00:03 INFO: [core] [pick-first-lb 0xc000595ec0] Received new config {
  "shuffleAddressList": false
}, resolver state {
  "Addresses": [
    {
      "Addr": "webui:9876",
      "ServerName": "",
      "Attributes": null,
      "BalancerAttributes": null,
      "Metadata": null
    }
  ],
  "Endpoints": [
    {
      "Addresses": [
        {
          "Addr": "webui:9876",
          "ServerName": "",
          "Attributes": null,
          "BalancerAttributes": null,
          "Metadata": null
        }
      ],
      "Attributes": null
    }
  ],
  "ServiceConfig": null,
  "Attributes": null
}
2024/06/12 09:00:03 INFO: [core] [Channel #1 SubChannel #2] Subchannel created
2024/06/12 09:00:03 INFO: [core] [Channel #1] Channel Connectivity change to CONNECTING
2024/06/12 09:00:03 INFO: [core] [Channel #1] Channel exiting idle mode
2024-06-12T09:00:03Z[36m [INFO][HEXA_UDM][Init] [0mUDM Config Info: Version[1.0.0] Description[UDM initial local configuration]
2024-06-12T09:00:03Z[36m [INFO][HEXA_UDM][Init] [0mServer started
2024/06/12 09:00:03 INFO: [core] [Channel #1 SubChannel #2] Subchannel Connectivity change to CONNECTING
2024/06/12 09:00:03 INFO: [core] [Channel #1 SubChannel #2] Subchannel picks a new address "webui:9876" to connect
2024-06-12T09:00:03Z[36m [INFO][HEXA_UDM][Util] [0mudmconfig Info: Version[1.0.0] Description[UDM initial local configuration]
2024-06-12T09:00:03Z[36m [INFO][CONN][GRPC] [0mSubscribing to Config POD
2024-06-12T09:00:03Z[31m [ERRO][CONN][GRPC] [0mConnectivity status: Not Ready
2024/06/12 09:00:03 INFO: [core] [pick-first-lb 0xc000595ec0] Received SubConn state update: 0xc000760960, {ConnectivityState:CONNECTING ConnectionError:<nil>}
2024/06/12 09:00:03 INFO: [core] [Channel #1 SubChannel #2] Subchannel Connectivity change to READY
2024/06/12 09:00:03 INFO: [core] [pick-first-lb 0xc000595ec0] Received SubConn state update: 0xc000760960, {ConnectivityState:READY ConnectionError:<nil>}
2024/06/12 09:00:03 INFO: [core] [Channel #1] Channel Connectivity change to READY
2024-06-12T09:00:04Z[36m [INFO][CONN][GRPC] [0mConnectivity status: Ready
2024-06-12T09:00:04Z[36m [INFO][CONN][GRPC] [0mConfig Message received
2024-06-12T09:00:04Z[36m [INFO][CONN][GRPC] [0mInitial Config Received:
2024-06-12T09:00:04Z[36m [INFO][CONN][GRPC] [0m+---------------------------------------------+
2024-06-12T09:00:04Z[36m [INFO][CONN][GRPC] [0m| Network Slice                               |
2024-06-12T09:00:04Z[36m [INFO][CONN][GRPC] [0m|---------------------------------------------|
2024-06-12T09:00:04Z[36m [INFO][CONN][GRPC] [0m| Name                | hexa-slice-01         |
2024-06-12T09:00:04Z[36m [INFO][CONN][GRPC] [0m| Sst                 | 1                     |
2024-06-12T09:00:04Z[36m [INFO][CONN][GRPC] [0m| Sd                  | 010203                |
2024-06-12T09:00:04Z[36m [INFO][CONN][GRPC] [0m|---------------------------------------------|
2024-06-12T09:00:04Z[36m [INFO][CONN][GRPC] [0m| Device Group        | 5g-ue-01              |
2024-06-12T09:00:04Z[36m [INFO][CONN][GRPC] [0m| IP Domain Details   | pool1                 |
2024-06-12T09:00:04Z[36m [INFO][CONN][GRPC] [0m| DNN Name            | hexa                  |
2024-06-12T09:00:04Z[36m [INFO][CONN][GRPC] [0m| UE Pool             | 172.250.1.0/16        |
2024-06-12T09:00:04Z[36m [INFO][CONN][GRPC] [0m| DNS Primary         | 8.8.8.8               |
2024-06-12T09:00:04Z[36m [INFO][CONN][GRPC] [0m| MTU                 | 1460                  |
2024-06-12T09:00:04Z[36m [INFO][CONN][GRPC] [0m| DnnMbrUplink        | 20000000              |
2024-06-12T09:00:04Z[36m [INFO][CONN][GRPC] [0m| DnnMbrDownlink      | 200000000             |
2024-06-12T09:00:04Z[36m [INFO][CONN][GRPC] [0m| Traffic Class       | platinum              |
2024-06-12T09:00:04Z[36m [INFO][CONN][GRPC] [0m|                     | 001010100007487       |
2024-06-12T09:00:04Z[36m [INFO][CONN][GRPC] [0m|                     | 001010100007488       |
2024-06-12T09:00:04Z[36m [INFO][CONN][GRPC] [0m|                     | 001010100007489       |
2024-06-12T09:00:04Z[36m [INFO][CONN][GRPC] [0m|                     | 001010100007490       |
2024-06-12T09:00:04Z[36m [INFO][CONN][GRPC] [0m|                     | 001010100007491       |
2024-06-12T09:00:04Z[36m [INFO][CONN][GRPC] [0m|                     | 001010100007492       |
2024-06-12T09:00:04Z[36m [INFO][CONN][GRPC] [0m|                     | 001010100007401       |
2024-06-12T09:00:04Z[36m [INFO][CONN][GRPC] [0m| IMSI_LIST           | 001010100007494       |
2024-06-12T09:00:04Z[36m [INFO][CONN][GRPC] [0m|                     | 001010100007495       |
2024-06-12T09:00:04Z[36m [INFO][CONN][GRPC] [0m|                     | 001010100007496       |
2024-06-12T09:00:04Z[36m [INFO][CONN][GRPC] [0m|                     | 001010100007497       |
2024-06-12T09:00:04Z[36m [INFO][CONN][GRPC] [0m|                     | 001010100007498       |
2024-06-12T09:00:04Z[36m [INFO][CONN][GRPC] [0m|                     | 001010100007499       |
2024-06-12T09:00:04Z[36m [INFO][CONN][GRPC] [0m|                     | 001010100007500       |
2024-06-12T09:00:04Z[36m [INFO][CONN][GRPC] [0m|---------------------------------------------|
2024-06-12T09:00:04Z[36m [INFO][CONN][GRPC] [0m| Device Group        | 5g-ue-02              |
2024-06-12T09:00:04Z[36m [INFO][CONN][GRPC] [0m| IP Domain Details   | pool2                 |
2024-06-12T09:00:04Z[36m [INFO][CONN][GRPC] [0m| DNN Name            | hexa                  |
2024-06-12T09:00:04Z[36m [INFO][CONN][GRPC] [0m| UE Pool             | 172.250.1.0/16        |
2024-06-12T09:00:04Z[36m [INFO][CONN][GRPC] [0m| DNS Primary         | 8.8.8.8               |
2024-06-12T09:00:04Z[36m [INFO][CONN][GRPC] [0m| MTU                 | 1460                  |
2024-06-12T09:00:04Z[36m [INFO][CONN][GRPC] [0m| DnnMbrUplink        | 10000000              |
2024-06-12T09:00:04Z[36m [INFO][CONN][GRPC] [0m| DnnMbrDownlink      | 400000000             |
2024-06-12T09:00:04Z[36m [INFO][CONN][GRPC] [0m| Traffic Class       | platinum              |
2024-06-12T09:00:04Z[36m [INFO][CONN][GRPC] [0m|                     | 001010100007501       |
2024-06-12T09:00:04Z[36m [INFO][CONN][GRPC] [0m|                     | 001010100007502       |
2024-06-12T09:00:04Z[36m [INFO][CONN][GRPC] [0m|                     | 001010100007503       |
2024-06-12T09:00:04Z[36m [INFO][CONN][GRPC] [0m|                     | 001010100007504       |
2024-06-12T09:00:04Z[36m [INFO][CONN][GRPC] [0m|                     | 001010100007505       |
2024-06-12T09:00:04Z[36m [INFO][CONN][GRPC] [0m| IMSI_LIST           | 001010100007506       |
2024-06-12T09:00:04Z[36m [INFO][CONN][GRPC] [0m|                     | 001010100007507       |
2024-06-12T09:00:04Z[36m [INFO][CONN][GRPC] [0m|                     | 001010100007508       |
2024-06-12T09:00:04Z[36m [INFO][CONN][GRPC] [0m|                     | 001010100007509       |
2024-06-12T09:00:04Z[36m [INFO][CONN][GRPC] [0m|                     | 001010100007510       |
2024-06-12T09:00:04Z[36m [INFO][CONN][GRPC] [0m|---------------------------------------------|
2024-06-12T09:00:04Z[36m [INFO][CONN][GRPC] [0m| Site                | hexa                  |
2024-06-12T09:00:04Z[36m [INFO][CONN][GRPC] [0m| GNB                 | hexa-gnb-01           |
2024-06-12T09:00:04Z[36m [INFO][CONN][GRPC] [0m| TAC                 | 1                     |
2024-06-12T09:00:04Z[36m [INFO][CONN][GRPC] [0m|---------------------------------------------|
2024-06-12T09:00:04Z[36m [INFO][CONN][GRPC] [0m| GNB                 | hexa-gnb-02           |
2024-06-12T09:00:04Z[36m [INFO][CONN][GRPC] [0m| TAC                 | 2                     |
2024-06-12T09:00:04Z[36m [INFO][CONN][GRPC] [0m|---------------------------------------------|
2024-06-12T09:00:04Z[36m [INFO][CONN][GRPC] [0m| MCC                 | 001                   |
2024-06-12T09:00:04Z[36m [INFO][CONN][GRPC] [0m| MNC                 | 01                    |
2024-06-12T09:00:04Z[36m [INFO][CONN][GRPC] [0m| UPF                 | hexa-upf              |
2024-06-12T09:00:04Z[36m [INFO][CONN][GRPC] [0m| Traffic Class       | IPV4                  |
2024-06-12T09:00:04Z[36m [INFO][CONN][GRPC] [0m| Flow Direction      | BIDIRECTIONAL         |
2024-06-12T09:00:04Z[36m [INFO][CONN][GRPC] [0m| Flow Status         | ENABLED               |
2024-06-12T09:00:04Z[36m [INFO][CONN][GRPC] [0m| Rule ID             | ALLOW-ALL             |
2024-06-12T09:00:04Z[36m [INFO][CONN][GRPC] [0m| Priority            | 250                   |
2024-06-12T09:00:04Z[36m [INFO][CONN][GRPC] [0m|---------------------------------------------|
2024-06-12T09:00:04Z[36m [INFO][CONN][GRPC] [0m+---------------------------------------------+
2024-06-12T09:00:04Z[36m [INFO][HEXA_UDM][GRPC] [0mReceived updateConfig in the udm app :
2024-06-12T09:00:04Z[36m [INFO][HEXA_UDM][GRPC] [0m+---------------------------------------------+
2024-06-12T09:00:04Z[36m [INFO][HEXA_UDM][GRPC] [0m| Network Slice                               |
2024-06-12T09:00:04Z[36m [INFO][HEXA_UDM][GRPC] [0m|---------------------------------------------|
2024-06-12T09:00:04Z[36m [INFO][HEXA_UDM][GRPC] [0m| Name                | hexa-slice-01         |
2024-06-12T09:00:04Z[36m [INFO][HEXA_UDM][GRPC] [0m| Sst                 | 1                     |
2024-06-12T09:00:04Z[36m [INFO][HEXA_UDM][GRPC] [0m| Sd                  | 010203                |
2024-06-12T09:00:04Z[36m [INFO][HEXA_UDM][GRPC] [0m|---------------------------------------------|
2024-06-12T09:00:04Z[36m [INFO][HEXA_UDM][GRPC] [0m| Device Group        | 5g-ue-01              |
2024-06-12T09:00:04Z[36m [INFO][HEXA_UDM][GRPC] [0m| IP Domain Details   | pool1                 |
2024-06-12T09:00:04Z[36m [INFO][HEXA_UDM][GRPC] [0m| DNN Name            | hexa                  |
2024-06-12T09:00:04Z[36m [INFO][HEXA_UDM][GRPC] [0m| UE Pool             | 172.250.1.0/16        |
2024-06-12T09:00:04Z[36m [INFO][HEXA_UDM][GRPC] [0m| DNS Primary         | 8.8.8.8               |
2024-06-12T09:00:04Z[36m [INFO][HEXA_UDM][GRPC] [0m| MTU                 | 1460                  |
2024-06-12T09:00:04Z[36m [INFO][HEXA_UDM][GRPC] [0m| DnnMbrUplink        | 20000000              |
2024-06-12T09:00:04Z[36m [INFO][HEXA_UDM][GRPC] [0m| DnnMbrDownlink      | 200000000             |
2024-06-12T09:00:04Z[36m [INFO][HEXA_UDM][GRPC] [0m| Traffic Class       | platinum              |
2024-06-12T09:00:04Z[36m [INFO][HEXA_UDM][GRPC] [0m|                     | 001010100007487       |
2024-06-12T09:00:04Z[36m [INFO][HEXA_UDM][GRPC] [0m|                     | 001010100007488       |
2024-06-12T09:00:04Z[36m [INFO][HEXA_UDM][GRPC] [0m|                     | 001010100007489       |
2024-06-12T09:00:04Z[36m [INFO][HEXA_UDM][GRPC] [0m|                     | 001010100007490       |
2024-06-12T09:00:04Z[36m [INFO][HEXA_UDM][GRPC] [0m|                     | 001010100007491       |
2024-06-12T09:00:04Z[36m [INFO][HEXA_UDM][GRPC] [0m|                     | 001010100007492       |
2024-06-12T09:00:04Z[36m [INFO][HEXA_UDM][GRPC] [0m|                     | 001010100007401       |
2024-06-12T09:00:04Z[36m [INFO][HEXA_UDM][GRPC] [0m| IMSI_Supported      | 001010100007494       |
2024-06-12T09:00:04Z[36m [INFO][HEXA_UDM][GRPC] [0m|                     | 001010100007495       |
2024-06-12T09:00:04Z[36m [INFO][HEXA_UDM][GRPC] [0m|                     | 001010100007496       |
2024-06-12T09:00:04Z[36m [INFO][HEXA_UDM][GRPC] [0m|                     | 001010100007497       |
2024-06-12T09:00:04Z[36m [INFO][HEXA_UDM][GRPC] [0m|                     | 001010100007498       |
2024-06-12T09:00:04Z[36m [INFO][HEXA_UDM][GRPC] [0m|                     | 001010100007499       |
2024-06-12T09:00:04Z[36m [INFO][HEXA_UDM][GRPC] [0m|                     | 001010100007500       |
2024-06-12T09:00:04Z[36m [INFO][HEXA_UDM][GRPC] [0m|---------------------------------------------|
2024-06-12T09:00:04Z[36m [INFO][HEXA_UDM][GRPC] [0m| Device Group        | 5g-ue-02              |
2024-06-12T09:00:04Z[36m [INFO][HEXA_UDM][GRPC] [0m| IP Domain Details   | pool2                 |
2024-06-12T09:00:04Z[36m [INFO][HEXA_UDM][GRPC] [0m| DNN Name            | hexa                  |
2024-06-12T09:00:04Z[36m [INFO][HEXA_UDM][GRPC] [0m| UE Pool             | 172.250.1.0/16        |
2024-06-12T09:00:04Z[36m [INFO][HEXA_UDM][GRPC] [0m| DNS Primary         | 8.8.8.8               |
2024-06-12T09:00:04Z[36m [INFO][HEXA_UDM][GRPC] [0m| MTU                 | 1460                  |
2024-06-12T09:00:04Z[36m [INFO][HEXA_UDM][GRPC] [0m| DnnMbrUplink        | 10000000              |
2024-06-12T09:00:04Z[36m [INFO][HEXA_UDM][GRPC] [0m| DnnMbrDownlink      | 400000000             |
2024-06-12T09:00:04Z[36m [INFO][HEXA_UDM][GRPC] [0m| Traffic Class       | platinum              |
2024-06-12T09:00:04Z[36m [INFO][HEXA_UDM][GRPC] [0m|                     | 001010100007501       |
2024-06-12T09:00:04Z[36m [INFO][HEXA_UDM][GRPC] [0m|                     | 001010100007502       |
2024-06-12T09:00:04Z[36m [INFO][HEXA_UDM][GRPC] [0m|                     | 001010100007503       |
2024-06-12T09:00:04Z[36m [INFO][HEXA_UDM][GRPC] [0m|                     | 001010100007504       |
2024-06-12T09:00:04Z[36m [INFO][HEXA_UDM][GRPC] [0m|                     | 001010100007505       |
2024-06-12T09:00:04Z[36m [INFO][HEXA_UDM][GRPC] [0m| IMSI_Supported      | 001010100007506       |
2024-06-12T09:00:04Z[36m [INFO][HEXA_UDM][GRPC] [0m|                     | 001010100007507       |
2024-06-12T09:00:04Z[36m [INFO][HEXA_UDM][GRPC] [0m|                     | 001010100007508       |
2024-06-12T09:00:04Z[36m [INFO][HEXA_UDM][GRPC] [0m|                     | 001010100007509       |
2024-06-12T09:00:04Z[36m [INFO][HEXA_UDM][GRPC] [0m|                     | 001010100007510       |
2024-06-12T09:00:04Z[36m [INFO][HEXA_UDM][GRPC] [0m|---------------------------------------------|
2024-06-12T09:00:04Z[36m [INFO][HEXA_UDM][GRPC] [0m| Site                | hexa                  |
2024-06-12T09:00:04Z[36m [INFO][HEXA_UDM][GRPC] [0m| GNB                 | hexa-gnb-01           |
2024-06-12T09:00:04Z[36m [INFO][HEXA_UDM][GRPC] [0m| TAC                 | 1                     |
2024-06-12T09:00:04Z[36m [INFO][HEXA_UDM][GRPC] [0m|---------------------------------------------|
2024-06-12T09:00:04Z[36m [INFO][HEXA_UDM][GRPC] [0m| GNB                 | hexa-gnb-02           |
2024-06-12T09:00:04Z[36m [INFO][HEXA_UDM][GRPC] [0m| TAC                 | 2                     |
2024-06-12T09:00:04Z[36m [INFO][HEXA_UDM][GRPC] [0m|---------------------------------------------|
2024-06-12T09:00:04Z[36m [INFO][HEXA_UDM][GRPC] [0m| MCC                 | 001                   |
2024-06-12T09:00:04Z[36m [INFO][HEXA_UDM][GRPC] [0m| MNC                 | 01                    |
2024-06-12T09:00:04Z[36m [INFO][HEXA_UDM][GRPC] [0m| UPF                 | hexa-upf              |
2024-06-12T09:00:04Z[36m [INFO][HEXA_UDM][GRPC] [0m| Traffic Class       | IPV4                  |
2024-06-12T09:00:04Z[36m [INFO][HEXA_UDM][GRPC] [0m| Flow Direction      | BIDIRECTIONAL         |
2024-06-12T09:00:04Z[36m [INFO][HEXA_UDM][GRPC] [0m| Flow Status         | ENABLED               |
2024-06-12T09:00:04Z[36m [INFO][HEXA_UDM][GRPC] [0m| Rule ID             | ALLOW-ALL             |
2024-06-12T09:00:04Z[36m [INFO][HEXA_UDM][GRPC] [0m| Priority            | 250                   |
2024-06-12T09:00:04Z[36m [INFO][HEXA_UDM][GRPC] [0m+---------------------------------------------+
2024-06-12T09:00:04Z[36m [INFO][HEXA_UDM][GRPC] [0mNetwork Slice Name  hexa-slice-01
2024-06-12T09:00:04Z[36m [INFO][HEXA_UDM][GRPC] [0mNetwork Slice has site name present
2024-06-12T09:00:04Z[36m [INFO][HEXA_UDM][GRPC] [0mSite name  hexa
2024-06-12T09:00:04Z[36m [INFO][HEXA_UDM][GRPC] [0mPlmn mcc  001
2024-06-12T09:00:04Z[36m [INFO][HEXA_UDM][GRPC] [0mPlmn added in the context [{{208 93}} {{222 88}} {{001 01}}]
2024-06-12T09:00:04Z[36m [INFO][HEXA_UDM][GRPC] [0mSend config trigger to main routine
2024-06-12T09:00:04Z[36m [INFO][HEXA_UDM][Init] [0mMinimum configuration from config pod available true
2024-06-12T09:00:11Z[36m [INFO][HEXA_UDM][Init] [0mStarted KeepAlive Timer: 86400 sec
2024-06-12T09:00:11Z[36m [INFO][HEXA_UDM][CFG] [0mSent Register NF Instance with updated profile
2024-06-12T09:07:17Z[36m [INFO][HEXA_UDM][UEAU] [0mHandle GenerateAuthDataRequest
2024-06-12T09:07:17Z[36m [INFO][LIB][3GPP] [0msuciPart [suci 0 001 01 0000 0 0 0100007487]
2024-06-12T09:07:17Z[36m [INFO][LIB][3GPP] [0mscheme 0
2024-06-12T09:07:17Z[36m [INFO][LIB][3GPP] [0mSUPI type is IMSI
http://nrf:29510
2024-06-12T09:07:17Z[31m [ERRO][HEXA_UDM][UEAU] [0mopStr length is  0
AUTN = d9d7310c318f80007153fb1d0ccc52f3
2024-06-12T09:07:17Z[36m [INFO][HEXA_UDM][GIN] [0m| 200 |  192.168.84.198 | POST    | /nudm-ueau/v1/suci-0-001-01-0000-0-0-0100007487/security-information/generate-auth-data |
2024-06-12T09:07:17Z[36m [INFO][HEXA_UDM][UEAU] [0mHandle GenerateAuthDataRequest
2024-06-12T09:07:17Z[36m [INFO][LIB][3GPP] [0msuciPart [suci 0 001 01 0000 0 0 0100007487]
2024-06-12T09:07:17Z[36m [INFO][LIB][3GPP] [0mscheme 0
2024-06-12T09:07:17Z[36m [INFO][LIB][3GPP] [0mSUPI type is IMSI
2024-06-12T09:07:17Z[31m [ERRO][HEXA_UDM][UEAU] [0mopStr length is  0
SQNstr 000000000000
AUTN = 473d72f478cb8000cf4df9b4541026b2
2024-06-12T09:07:17Z[36m [INFO][HEXA_UDM][GIN] [0m| 200 |  192.168.84.198 | POST    | /nudm-ueau/v1/suci-0-001-01-0000-0-0-0100007487/security-information/generate-auth-data |
2024-06-12T09:07:17Z[36m [INFO][HEXA_UDM][UEAU] [0mHandle ConfirmAuthDataRequest
2024-06-12T09:07:17Z[36m [INFO][HEXA_UDM][GIN] [0m| 201 |  192.168.84.198 | POST    | /nudm-ueau/v1/imsi-001010100007487/auth-events |
2024-06-12T09:07:17Z[36m [INFO][HEXA_UDM][SDM] [0mHandle GetNssai
2024-06-12T09:07:17Z[36m [INFO][HEXA_UDM][GIN] [0m| 200 |  192.168.84.206 | GET     | /nudm-sdm/v1/imsi-001010100007487/nssai?plmn-id=00101 |
2024-06-12T09:07:17Z[36m [INFO][HEXA_UDM][UECM] [0mHandle RegistrationAmf3gppAccess
2024-06-12T09:07:17Z[36m [INFO][HEXA_UDM][UECM] [0mUEID: imsi-001010100007487
http://nrf:29510
2024-06-12T09:07:17Z[36m [INFO][HEXA_UDM][GIN] [0m| 201 |  192.168.84.206 | PUT     | /nudm-uecm/v1/imsi-001010100007487/registrations/amf-3gpp-access |
2024-06-12T09:07:17Z[36m [INFO][HEXA_UDM][SDM] [0mHandle GetAmData
2024-06-12T09:07:17Z[36m [INFO][HEXA_UDM][GIN] [0m| 200 |  192.168.84.206 | GET     | /nudm-sdm/v1/imsi-001010100007487/am-data?plmn-id=00101 |
2024-06-12T09:07:17Z[36m [INFO][HEXA_UDM][SDM] [0mHandle GetSmfSelectData
http://nrf:29510
2024-06-12T09:07:17Z[36m [INFO][HEXA_UDM][GIN] [0m| 200 |  192.168.84.206 | GET     | /nudm-sdm/v1/imsi-001010100007487/smf-select-data?plmn-id=00101 |
2024-06-12T09:07:17Z[36m [INFO][HEXA_UDM][SDM] [0mHandle GetUeContextInSmfData
http://nrf:29510
2024-06-12T09:07:17Z[36m [INFO][HEXA_UDM][GIN] [0m| 200 |  192.168.84.206 | GET     | /nudm-sdm/v1/imsi-001010100007487/ue-context-in-smf-data |
2024-06-12T09:07:17Z[36m [INFO][HEXA_UDM][SDM] [0mHandle Subscribe
http://nrf:29510
2024-06-12T09:07:17Z[36m [INFO][HEXA_UDM][GIN] [0m| 201 |  192.168.84.206 | POST    | /nudm-sdm/v1/imsi-001010100007487/sdm-subscriptions |
2024-06-12T09:07:17Z[36m [INFO][HEXA_UDM][SDM] [0mHandle GetSmData
2024-06-12T09:07:17Z[36m [INFO][HEXA_UDM][SDM] [0mgetSmDataProcedure: SUPI[imsi-001010100007487] PLMNID[00101] DNN[hexa] SNssai[{"sst":1,"sd":"010203"}]
2024-06-12T09:07:17Z[36m [INFO][HEXA_UDM][GIN] [0m| 200 |  192.168.84.245 | GET     | /nudm-sdm/v1/imsi-001010100007487/sm-data?dnn=hexa&plmn-id=00101&single-nssai=%7B%22sst%22%3A1%2C%22sd%22%3A%22010203%22%7D |
