+ echo -e 'interface_name: [access, core]\napi_address: :8080\npfcp_address: PFCP_ADDRESS:8805\nmetrics_address: :9090\nn3_address: 192.168.252.3'
+ hostname -i
+ export 'PFCP_IP=192.168.84.220'
+ sed -i s/PFCP_ADDRESS:8805/192.168.84.220:8805/g /etc/appconfig.yml
+ mkdir /etc/iproute2
+ echo '111 fromn3gtp'
+ sysctl -w 'net.ipv4.ip_forward=1'
net.ipv4.ip_forward = 1
+ /app/bin/hexaupf --config /etc/appconfig.yml
2024-06-12T09:06:34Z[36m [INFO][HEXA_UPF][App] [0m+-------------------+------------------+
2024-06-12T09:06:34Z[36m [INFO][HEXA_UPF][App] [0m|Attach Mode        |generic           |
2024-06-12T09:06:34Z[36m [INFO][HEXA_UPF][App] [0m|Interface List     |[access core]       |
2024-06-12T09:06:34Z[36m [INFO][HEXA_UPF][App] [0m+-------------------+------------------+
2024-06-12T09:06:34Z[36m [INFO][HEXA_UPF][App] [0m|Api address        |:8080             |
2024-06-12T09:06:34Z[36m [INFO][HEXA_UPF][App] [0m|pfcp address       |192.168.84.220:8805|
2024-06-12T09:06:34Z[36m [INFO][HEXA_UPF][App] [0m|node ID            |192.168.250.3     |
2024-06-12T09:06:34Z[36m [INFO][HEXA_UPF][App] [0m|N3 address         |192.168.252.3     |
2024-06-12T09:06:34Z[36m [INFO][HEXA_UPF][App] [0m|echo interval      |10                |
2024-06-12T09:06:34Z[36m [INFO][HEXA_UPF][App] [0m|qermap size        |1024              |
2024-06-12T09:06:34Z[36m [INFO][HEXA_UPF][App] [0m|farmap size        |1024              |
2024-06-12T09:06:34Z[36m [INFO][HEXA_UPF][App] [0m|pdrmap size        |1024              |
2024-06-12T09:06:34Z[36m [INFO][HEXA_UPF][App] [0m|heartbeatinterval  |5                 |
2024-06-12T09:06:34Z[36m [INFO][HEXA_UPF][App] [0m+-------------------+------------------+
2024-06-12T09:06:34Z [1;32m[INFO][HEXA_UPF][XDP] [0mAttached XDP program to iface: "access" (index 4)
2024-06-12T09:06:34Z [1;32m[INFO][HEXA_UPF][XDP] [0mAttached XDP program to iface: "core" (index 5)
2024-06-12T09:06:34Z[36m [INFO][HEXA_UPF][App] [0mInitialize resources
2024-06-12T09:06:34Z[36m [INFO][HEXA_UPF][PFCP] [0mStarting PFCP connection: 192.168.84.220:8805 with Node ID: 192.168.250.3 and N3 address: 192.168.252.3
2024-06-12T09:06:34Z[36m [INFO][HEXA_UPF][PFCP] [0mrunning on :9090
2024-06-12T09:06:34Z[36m [INFO][HEXA_UPF][PFCP] [0mrunning on :8080
2024-06-12T09:06:42Z[36m [INFO][HEXA_UPF][PFCP] [0mGot Association Setup Request from: 192.168.84.245
2024-06-12T09:06:42Z[36m [INFO][HEXA_UPF][PFCP] [0m+---------------------------------------------+
2024-06-12T09:06:42Z[36m [INFO][HEXA_UPF][PFCP] [0m|         Association Setup Request           |
2024-06-12T09:06:42Z[36m [INFO][HEXA_UPF][PFCP] [0m+---------------------------------------------+
2024-06-12T09:06:42Z[36m [INFO][HEXA_UPF][PFCP] [0m| Node ID:      |192.168.84.245               |
2024-06-12T09:06:42Z[36m [INFO][HEXA_UPF][PFCP] [0m| Recovery Time:|2024-06-12 09:00:11 +0000 UTC|
2024-06-12T09:06:42Z[36m [INFO][HEXA_UPF][PFCP] [0m+---------------------------------------------+
2024-06-12T09:06:42Z[36m [INFO][HEXA_UPF][PFCP] [0m+---------------------------------------------+
2024-06-12T09:06:42Z[36m [INFO][HEXA_UPF][PFCP] [0m|            Saving new association           |
2024-06-12T09:06:42Z[36m [INFO][HEXA_UPF][PFCP] [0m+----------------------+----------------------+
2024-06-12T09:06:42Z[36m [INFO][HEXA_UPF][PFCP] [0m|ID                    | 192.168.84.245       |
2024-06-12T09:06:42Z[36m [INFO][HEXA_UPF][PFCP] [0m|Address               | 192.168.84.245       |
2024-06-12T09:06:42Z[36m [INFO][HEXA_UPF][PFCP] [0m|Next Session ID       | 1                    |
2024-06-12T09:06:42Z[36m [INFO][HEXA_UPF][PFCP] [0m|Next Sequence ID      | 1                    |
2024-06-12T09:06:42Z[36m [INFO][HEXA_UPF][PFCP] [0m+----------------------+----------------------+
2024-06-12T09:07:17Z[36m [INFO][HEXA_UPF][PFCP] [0m
2024-06-12T09:07:17Z[36m [INFO][HEXA_UPF][PFCP] [0m------------------UE detected------------------
2024-06-12T09:07:17Z[36m [INFO][HEXA_UPF][PFCP] [0m
2024-06-12T09:07:17Z[36m [INFO][HEXA_UPF][PFCP] [0mGot Session Establishment Request from: 192.168.84.245.
2024-06-12T09:07:17Z[36m [INFO][HEXA_UPF][PFCP] [0m+---------------------------------------------+
2024-06-12T09:07:17Z[36m [INFO][HEXA_UPF][PFCP] [0m|       Session Establishment Request         |
2024-06-12T09:07:17Z[36m [INFO][HEXA_UPF][PFCP] [0m+---------------------------------------------+
2024-06-12T09:07:17Z[36m [INFO][HEXA_UPF][PFCP] [0m|                     PDR                     |
2024-06-12T09:07:17Z[36m [INFO][HEXA_UPF][PFCP] [0m+---------------------------------------------+
2024-06-12T09:07:17Z[36m [INFO][HEXA_UPF][PFCP] [0m|Create PDR                                   |
2024-06-12T09:07:17Z[36m [INFO][HEXA_UPF][PFCP] [0m|  PDR ID              | 1                    |
2024-06-12T09:07:17Z[36m [INFO][HEXA_UPF][PFCP] [0m|  outer header removal| 0                    |
2024-06-12T09:07:17Z[36m [INFO][HEXA_UPF][PFCP] [0m|  FAR ID              | 1                    |
2024-06-12T09:07:17Z[36m [INFO][HEXA_UPF][PFCP] [0m|  QER ID              | 1                    |
2024-06-12T09:07:17Z[36m [INFO][HEXA_UPF][PFCP] [0m|  QER ID              | 3                    |
2024-06-12T09:07:17Z[36m [INFO][HEXA_UPF][PFCP] [0m|  source interface    | 0                    |
2024-06-12T09:07:17Z[36m [INFO][HEXA_UPF][PFCP] [0m|  TEID                | 8508391              |
2024-06-12T09:07:17Z[36m [INFO][HEXA_UPF][PFCP] [0m|  IPv4                | 192.168.85.57        |
2024-06-12T09:07:17Z[36m [INFO][HEXA_UPF][PFCP] [0m|  IPv6                | <nil>                |
2024-06-12T09:07:17Z[36m [INFO][HEXA_UPF][PFCP] [0m|  UE IPv4 Address     | 172.250.237.121      |
2024-06-12T09:07:17Z[36m [INFO][HEXA_UPF][PFCP] [0m+----------------------+----------------------+
2024-06-12T09:07:17Z[36m [INFO][HEXA_UPF][PFCP] [0m|Create PDR                                   |
2024-06-12T09:07:17Z[36m [INFO][HEXA_UPF][PFCP] [0m|  PDR ID              | 2                    |
2024-06-12T09:07:17Z[36m [INFO][HEXA_UPF][PFCP] [0m|  FAR ID              | 2                    |
2024-06-12T09:07:17Z[36m [INFO][HEXA_UPF][PFCP] [0m|  QER ID              | 2                    |
2024-06-12T09:07:17Z[36m [INFO][HEXA_UPF][PFCP] [0m|  QER ID              | 3                    |
2024-06-12T09:07:17Z[36m [INFO][HEXA_UPF][PFCP] [0m|  source interface    | 1                    |
2024-06-12T09:07:17Z[36m [INFO][HEXA_UPF][PFCP] [0m|  UE IPv4 Address     | 172.250.237.121      |
2024-06-12T09:07:17Z[36m [INFO][HEXA_UPF][PFCP] [0m+----------------------+----------------------+
2024-06-12T09:07:17Z[36m [INFO][HEXA_UPF][PFCP] [0m|                     FAR                     |
2024-06-12T09:07:17Z[36m [INFO][HEXA_UPF][PFCP] [0m+---------------------------------------------+
2024-06-12T09:07:17Z[36m [INFO][HEXA_UPF][PFCP] [0m|Create FAR                                   |
2024-06-12T09:07:17Z[36m [INFO][HEXA_UPF][PFCP] [0m|  FAR ID              | 1                    |
2024-06-12T09:07:17Z[36m [INFO][HEXA_UPF][PFCP] [0m|  TEID                | [2                  ]|
2024-06-12T09:07:17Z[36m [INFO][HEXA_UPF][PFCP] [0m|  network instance    | hexa                 |
2024-06-12T09:07:17Z[36m [INFO][HEXA_UPF][PFCP] [0m+----------------------+----------------------+
2024-06-12T09:07:17Z[36m [INFO][HEXA_UPF][PFCP] [0m|Create FAR                                   |
2024-06-12T09:07:17Z[36m [INFO][HEXA_UPF][PFCP] [0m|  FAR ID              | 2                    |
2024-06-12T09:07:17Z[36m [INFO][HEXA_UPF][PFCP] [0m|  TEID                | [1                  ]|
2024-06-12T09:07:17Z[36m [INFO][HEXA_UPF][PFCP] [0m+----------------------+----------------------+
2024-06-12T09:07:17Z[36m [INFO][HEXA_UPF][PFCP] [0m|                     QER                     |
2024-06-12T09:07:17Z[36m [INFO][HEXA_UPF][PFCP] [0m+---------------------------------------------+
2024-06-12T09:07:17Z[36m [INFO][HEXA_UPF][PFCP] [0m|Create QER                                   |
2024-06-12T09:07:17Z[36m [INFO][HEXA_UPF][PFCP] [0m|  QER ID              | 1                    |
2024-06-12T09:07:17Z[36m [INFO][HEXA_UPF][PFCP] [0m|  Gate Status DL      | 0                    |
2024-06-12T09:07:17Z[36m [INFO][HEXA_UPF][PFCP] [0m|  Gate Status UL      | 0                    |
2024-06-12T09:07:17Z[36m [INFO][HEXA_UPF][PFCP] [0m|  Max Bitrate DL      | 200000000            |
2024-06-12T09:07:17Z[36m [INFO][HEXA_UPF][PFCP] [0m|  Max Bitrate UL      | 20000000             |
2024-06-12T09:07:17Z[36m [INFO][HEXA_UPF][PFCP] [0m|  QFI                 | 1                    |
2024-06-12T09:07:17Z[36m [INFO][HEXA_UPF][PFCP] [0m+----------------------+----------------------+
2024-06-12T09:07:17Z[36m [INFO][HEXA_UPF][PFCP] [0m|Create QER                                   |
2024-06-12T09:07:17Z[36m [INFO][HEXA_UPF][PFCP] [0m|  QER ID              | 3                    |
2024-06-12T09:07:17Z[36m [INFO][HEXA_UPF][PFCP] [0m|  Gate Status DL      | 0                    |
2024-06-12T09:07:17Z[36m [INFO][HEXA_UPF][PFCP] [0m|  Gate Status UL      | 0                    |
2024-06-12T09:07:17Z[36m [INFO][HEXA_UPF][PFCP] [0m|  Max Bitrate DL      | 200000000            |
2024-06-12T09:07:17Z[36m [INFO][HEXA_UPF][PFCP] [0m|  Max Bitrate UL      | 20000000             |
2024-06-12T09:07:17Z[36m [INFO][HEXA_UPF][PFCP] [0m|  QFI                 | 1                    |
2024-06-12T09:07:17Z[36m [INFO][HEXA_UPF][PFCP] [0m+----------------------+----------------------+
2024-06-12T09:07:17Z[36m [INFO][HEXA_UPF][PFCP] [0m|Create QER                                   |
2024-06-12T09:07:17Z[36m [INFO][HEXA_UPF][PFCP] [0m|  QER ID              | 2                    |
2024-06-12T09:07:17Z[36m [INFO][HEXA_UPF][PFCP] [0m|  Gate Status DL      | 0                    |
2024-06-12T09:07:17Z[36m [INFO][HEXA_UPF][PFCP] [0m|  Gate Status UL      | 0                    |
2024-06-12T09:07:17Z[36m [INFO][HEXA_UPF][PFCP] [0m|  Max Bitrate DL      | 200000000            |
2024-06-12T09:07:17Z[36m [INFO][HEXA_UPF][PFCP] [0m|  Max Bitrate UL      | 20000000             |
2024-06-12T09:07:17Z[36m [INFO][HEXA_UPF][PFCP] [0m|  QFI                 | 1                    |
2024-06-12T09:07:17Z[36m [INFO][HEXA_UPF][PFCP] [0m+----------------------+----------------------+
2024-06-12T09:07:17Z[36m [INFO][HEXA_UPF][PFCP] [0m
2024-06-12T09:07:17Z[36m [INFO][HEXA_UPF][PFCP] [0m
2024-06-12T09:07:17Z[36m [INFO][HEXA_UPF][PFCP] [0mNo OuterHeaderCreation
2024-06-12T09:07:17Z[36m [INFO][HEXA_UPF][PFCP] [0mSaving FAR info to session: 1, {Action:2 OuterHeaderCreation:0 Teid:0 RemoteIP:0 LocalIP:66889920 TransportLevelMarking:0}
2024-06-12T09:07:17Z[36m [INFO][HEXA_UPF][PFCP] [0mSaving FAR info to session: 2, {Action:1 OuterHeaderCreation:0 Teid:0 RemoteIP:0 LocalIP:66889920 TransportLevelMarking:0}
2024-06-12T09:07:17Z[36m [INFO][HEXA_UPF][PFCP] [0mSaving QER info to session: 1, {GateStatusUL:0 GateStatusDL:0 Qfi:1 MaxBitrateUL:20000000 MaxBitrateDL:200000000 StartUL:0 StartDL:0}
2024-06-12T09:07:17Z[36m [INFO][HEXA_UPF][PFCP] [0mSaving QER info to session: 3, {GateStatusUL:0 GateStatusDL:0 Qfi:1 MaxBitrateUL:20000000 MaxBitrateDL:200000000 StartUL:0 StartDL:0}
2024-06-12T09:07:17Z[36m [INFO][HEXA_UPF][PFCP] [0mSaving QER info to session: 2, {GateStatusUL:0 GateStatusDL:0 Qfi:1 MaxBitrateUL:20000000 MaxBitrateDL:200000000 StartUL:0 StartDL:0}
2024/06/12 09:07:17 Matched groups: [permit out ip from any to assigned ip any   assigned  ]
2024/06/12 09:07:17 Matched groups: [permit out ip from any to assigned ip any   assigned  ]
2024-06-12T09:07:17Z[36m [INFO][HEXA_UPF][PFCP] [0mSession Establishment Request from 192.168.84.245 accepted.
2024-06-12T09:07:17Z[36m [INFO][HEXA_UPF][PFCP] [0mGot Session Modification Request from: 192.168.84.245.
2024-06-12T09:07:17Z[36m [INFO][HEXA_UPF][PFCP] [0mFinding association for 192.168.84.245
2024-06-12T09:07:17Z[36m [INFO][HEXA_UPF][PFCP] [0mFinding session 2
2024-06-12T09:07:17Z[36m [INFO][HEXA_UPF][PFCP] [0m+---------------------------------------------+
2024-06-12T09:07:17Z[36m [INFO][HEXA_UPF][PFCP] [0m|        Session Modification Request         |
2024-06-12T09:07:17Z[36m [INFO][HEXA_UPF][PFCP] [0m+---------------------------------------------+
2024-06-12T09:07:17Z[36m [INFO][HEXA_UPF][PFCP] [0m|                     PDR                     |
2024-06-12T09:07:17Z[36m [INFO][HEXA_UPF][PFCP] [0m+---------------------------------------------+
2024-06-12T09:07:17Z[36m [INFO][HEXA_UPF][PFCP] [0m|Create PDR                                   |
2024-06-12T09:07:17Z[36m [INFO][HEXA_UPF][PFCP] [0m|  PDR ID              | 2                    |
2024-06-12T09:07:17Z[36m [INFO][HEXA_UPF][PFCP] [0m|  FAR ID              | 2                    |
2024-06-12T09:07:17Z[36m [INFO][HEXA_UPF][PFCP] [0m|  QER ID              | 2                    |
2024-06-12T09:07:17Z[36m [INFO][HEXA_UPF][PFCP] [0m|  QER ID              | 3                    |
2024-06-12T09:07:17Z[36m [INFO][HEXA_UPF][PFCP] [0m|  source interface    | 1                    |
2024-06-12T09:07:17Z[36m [INFO][HEXA_UPF][PFCP] [0m|  UE IPv4 Address     | 172.250.237.121      |
2024-06-12T09:07:17Z[36m [INFO][HEXA_UPF][PFCP] [0m+----------------------+----------------------+
2024-06-12T09:07:17Z[36m [INFO][HEXA_UPF][PFCP] [0m|Create FAR                                   |
2024-06-12T09:07:17Z[36m [INFO][HEXA_UPF][PFCP] [0m|  FAR ID              | 2                    |
2024-06-12T09:07:17Z[36m [INFO][HEXA_UPF][PFCP] [0m|  TEID                | [2                  ]|
2024-06-12T09:07:17Z[36m [INFO][HEXA_UPF][PFCP] [0m|  network instance    | hexa                 |
2024-06-12T09:07:17Z[36m [INFO][HEXA_UPF][PFCP] [0m+----------------------+----------------------+
2024-06-12T09:07:17Z[36m [INFO][HEXA_UPF][PFCP] [0mUpdating FAR info: 2
2024-06-12T09:07:17Z[36m [INFO][HEXA_UPF][PFCP] [0mAction: 2
2024-06-12T09:07:17Z[36m [INFO][HEXA_UPF][PFCP] [0mRemote IP: 3137448128
2024-06-12T09:07:17Z[36m [INFO][HEXA_UPF][PFCP] [0mLocal IP: 66889920
[90m2024/06/12 09:07:17[0m [32mINF[0m Both F-TEID IE and UE IP Address IE are missing
