+ cd /free5gc
+ cat config/nssfcfg.conf
configuration:
  nrfUri: http://nrf:29510
  nsiList:
  - nsiInformationList:
    - nrfId: http://nrf:29510/nnrf-nfm/v1/nf-instances
      nsiId: 22
    snssai:
      sd: "010203"
      sst: 1
  nssfName: NSSF
  sbi:
    bindingIPv4: 0.0.0.0
    port: 29531
    registerIPv4: nssf
    scheme: http
  serviceNameList:
  - nnssf-nsselection
  - nnssf-nssaiavailability
  supportedNssaiInPlmnList:
  - plmnId:
      mcc: "208"
      mnc: "93"
    supportedSnssaiList:
    - sd: "010203"
      sst: 1
  supportedPlmnList:
  - mcc: "208"
    mnc: "93"
info:
  description: NSSF initial local configuration
  version: 1.0.0
logger:
  AMF:
    ReportCaller: false
    debugLevel: info
  AUSF:
    ReportCaller: false
    debugLevel: info
  Aper:
    ReportCaller: false
    debugLevel: info
  CommonConsumerTest:
    ReportCaller: false
    debugLevel: info
  FSM:
    ReportCaller: false
    debugLevel: info
  MongoDBLibrary:
    ReportCaller: false
    debugLevel: info
  N3IWF:
    ReportCaller: false
    debugLevel: info
  NAS:
    ReportCaller: false
    debugLevel: info
  NGAP:
    ReportCaller: false
    debugLevel: info
  NRF:
    ReportCaller: false
    debugLevel: info
  NamfComm:
    ReportCaller: false
    debugLevel: info
  NamfEventExposure:
    ReportCaller: false
    debugLevel: info
  NsmfPDUSession:
    ReportCaller: false
    debugLevel: info
  NudrDataRepository:
    ReportCaller: false
    debugLevel: info
  OpenApi:
    ReportCaller: false
    debugLevel: info
  PCF:
    ReportCaller: false
    debugLevel: info
  PFCP:
    ReportCaller: false
    debugLevel: info
  PathUtil:
    ReportCaller: false
    debugLevel: info
  SMF:
    ReportCaller: false
    debugLevel: info
  UDM:
    ReportCaller: false
    debugLevel: info
  UDR:
    ReportCaller: false
    debugLevel: info
  WEBUI:
    ReportCaller: false
    debugLevel: info+ GOTRACEBACK=crash ./nssf/nssf -nssfcfg config/nssfcfg.conf
HEXA_nssf
2024-06-12T08:58:45Z[36m [INFO][HEXA_NSSF][CFG] [0mMANAGED_BY_CONFIG_POD is true
2024-06-12T08:58:45Z[36m [INFO][CONN][GRPC] [0mConfig Client : Creating
2024-06-12T08:58:45Z[36m [INFO][CONN][GRPC] [0mDialing GRPC Connection -  webui:9876
2024-06-12T08:58:45Z[36m [INFO][CONN][GRPC] [0mConnecting to GRPC ...
2024-06-12T08:58:55Z[36m [INFO][CONN][GRPC] [0mConnecting to GRPC ...
2024-06-12T08:59:05Z[36m [INFO][CONN][GRPC] [0mConnecting to GRPC ...
2024-06-12T08:59:15Z[36m [INFO][CONN][GRPC] [0mConnecting to GRPC ...
2024-06-12T08:59:25Z[36m [INFO][CONN][GRPC] [0mConnecting to GRPC ...
2024-06-12T08:59:35Z[36m [INFO][CONN][GRPC] [0mConnecting to GRPC ...
2024-06-12T08:59:45Z[36m [INFO][CONN][GRPC] [0mConnecting to GRPC ...
2024-06-12T08:59:55Z[36m [INFO][CONN][GRPC] [0mConnecting to GRPC ...
2024/06/12 09:00:05 INFO: [core] [Channel #1] Channel created
2024/06/12 09:00:05 INFO: [core] [Channel #1] original dial target is: "webui:9876"
2024/06/12 09:00:05 INFO: [core] [Channel #1] parsed dial target is: resolver.Target{URL:url.URL{Scheme:"webui", Opaque:"9876", User:(*url.Userinfo)(nil), Host:"", Path:"", RawPath:"", OmitHost:false, ForceQuery:false, RawQuery:"", Fragment:"", RawFragment:""}}
2024/06/12 09:00:05 INFO: [core] [Channel #1] fallback to scheme "passthrough"
2024/06/12 09:00:05 INFO: [core] [Channel #1] parsed dial target is: passthrough:///webui:9876
2024/06/12 09:00:05 INFO: [core] [Channel #1] Channel authority set to "webui:9876"
2024/06/12 09:00:05 INFO: [core] [Channel #1] Resolver state updated: {
  "Addresses": [
    {
      "Addr": "webui:9876",
      "ServerName": "",
      "Attributes": null,
      "BalancerAttributes": null,
      "Metadata": null
    }
  ],
  "Endpoints": [
    {
      "Addresses": [
        {
          "Addr": "webui:9876",
          "ServerName": "",
          "Attributes": null,
          "BalancerAttributes": null,
          "Metadata": null
        }
      ],
      "Attributes": null
    }
  ],
  "ServiceConfig": null,
  "Attributes": null
} (resolver returned new addresses)
2024/06/12 09:00:05 INFO: [core] [Channel #1] Channel switches to new LB policy "pick_first"
2024/06/12 09:00:05 INFO: [core] [pick-first-lb 0xc000144840] Received new config {
  "shuffleAddressList": false
}, resolver state {
  "Addresses": [
    {
      "Addr": "webui:9876",
      "ServerName": "",
      "Attributes": null,
      "BalancerAttributes": null,
      "Metadata": null
    }
  ],
  "Endpoints": [
    {
      "Addresses": [
        {
          "Addr": "webui:9876",
          "ServerName": "",
          "Attributes": null,
          "BalancerAttributes": null,
          "Metadata": null
        }
      ],
      "Attributes": null
    }
  ],
  "ServiceConfig": null,
  "Attributes": null
}
2024/06/12 09:00:05 INFO: [core] [Channel #1 SubChannel #2] Subchannel created
2024/06/12 09:00:05 INFO: [core] [Channel #1] Channel Connectivity change to CONNECTING
2024/06/12 09:00:05 INFO: [core] [Channel #1] Channel exiting idle mode
2024-06-12T09:00:05Z[36m [INFO][LIB][Path] [0mset log level : info
2024-06-12T09:00:05Z[36m [INFO][LIB][Path] [0mset report call : false
2024/06/12 09:00:05 INFO: [core] [Channel #1 SubChannel #2] Subchannel Connectivity change to CONNECTING
2024-06-12T09:00:05Z[36m [INFO][HEXA_NSSF][CFG] [0mconfig version [1.0.0]
2024/06/12 09:00:05 INFO: [core] [Channel #1 SubChannel #2] Subchannel picks a new address "webui:9876" to connect
2024-06-12T09:00:05Z[36m [INFO][HEXA_NSSF][Init] [0mServer started
2024-06-12T09:00:05Z[36m [INFO][CONN][GRPC] [0mSubscribing to Config POD
2024-06-12T09:00:05Z[31m [ERRO][CONN][GRPC] [0mConnectivity status: Not Ready
2024/06/12 09:00:05 INFO: [core] [pick-first-lb 0xc000144840] Received SubConn state update: 0xc000144ae0, {ConnectivityState:CONNECTING ConnectionError:<nil>}
2024/06/12 09:00:05 INFO: [core] [Channel #1 SubChannel #2] Subchannel Connectivity change to READY
2024/06/12 09:00:05 INFO: [core] [pick-first-lb 0xc000144840] Received SubConn state update: 0xc000144ae0, {ConnectivityState:READY ConnectionError:<nil>}
2024/06/12 09:00:05 INFO: [core] [Channel #1] Channel Connectivity change to READY
2024-06-12T09:00:06Z[36m [INFO][CONN][GRPC] [0mConnectivity status: Ready
2024-06-12T09:00:06Z[36m [INFO][CONN][GRPC] [0mConfig Message received
2024-06-12T09:00:06Z[36m [INFO][CONN][GRPC] [0mInitial Config Received:
2024-06-12T09:00:06Z[36m [INFO][CONN][GRPC] [0m+---------------------------------------------+
2024-06-12T09:00:06Z[36m [INFO][CONN][GRPC] [0m| Network Slice                               |
2024-06-12T09:00:06Z[36m [INFO][CONN][GRPC] [0m|---------------------------------------------|
2024-06-12T09:00:06Z[36m [INFO][CONN][GRPC] [0m| Name                | hexa-slice-01         |
2024-06-12T09:00:06Z[36m [INFO][CONN][GRPC] [0m| Sst                 | 1                     |
2024-06-12T09:00:06Z[36m [INFO][CONN][GRPC] [0m| Sd                  | 010203                |
2024-06-12T09:00:06Z[36m [INFO][CONN][GRPC] [0m|---------------------------------------------|
2024-06-12T09:00:06Z[36m [INFO][CONN][GRPC] [0m| Device Group        | 5g-ue-01              |
2024-06-12T09:00:06Z[36m [INFO][CONN][GRPC] [0m| IP Domain Details   | pool1                 |
2024-06-12T09:00:06Z[36m [INFO][CONN][GRPC] [0m| DNN Name            | hexa                  |
2024-06-12T09:00:06Z[36m [INFO][CONN][GRPC] [0m| UE Pool             | 172.250.1.0/16        |
2024-06-12T09:00:06Z[36m [INFO][CONN][GRPC] [0m| DNS Primary         | 8.8.8.8               |
2024-06-12T09:00:06Z[36m [INFO][CONN][GRPC] [0m| MTU                 | 1460                  |
2024-06-12T09:00:06Z[36m [INFO][CONN][GRPC] [0m| DnnMbrUplink        | 20000000              |
2024-06-12T09:00:06Z[36m [INFO][CONN][GRPC] [0m| DnnMbrDownlink      | 200000000             |
2024-06-12T09:00:06Z[36m [INFO][CONN][GRPC] [0m| Traffic Class       | platinum              |
2024-06-12T09:00:06Z[36m [INFO][CONN][GRPC] [0m|                     | 001010100007487       |
2024-06-12T09:00:06Z[36m [INFO][CONN][GRPC] [0m|                     | 001010100007488       |
2024-06-12T09:00:06Z[36m [INFO][CONN][GRPC] [0m|                     | 001010100007489       |
2024-06-12T09:00:06Z[36m [INFO][CONN][GRPC] [0m|                     | 001010100007490       |
2024-06-12T09:00:06Z[36m [INFO][CONN][GRPC] [0m|                     | 001010100007491       |
2024-06-12T09:00:06Z[36m [INFO][CONN][GRPC] [0m|                     | 001010100007492       |
2024-06-12T09:00:06Z[36m [INFO][CONN][GRPC] [0m|                     | 001010100007401       |
2024-06-12T09:00:06Z[36m [INFO][CONN][GRPC] [0m| IMSI_LIST           | 001010100007494       |
2024-06-12T09:00:06Z[36m [INFO][CONN][GRPC] [0m|                     | 001010100007495       |
2024-06-12T09:00:06Z[36m [INFO][CONN][GRPC] [0m|                     | 001010100007496       |
2024-06-12T09:00:06Z[36m [INFO][CONN][GRPC] [0m|                     | 001010100007497       |
2024-06-12T09:00:06Z[36m [INFO][CONN][GRPC] [0m|                     | 001010100007498       |
2024-06-12T09:00:06Z[36m [INFO][CONN][GRPC] [0m|                     | 001010100007499       |
2024-06-12T09:00:06Z[36m [INFO][CONN][GRPC] [0m|                     | 001010100007500       |
2024-06-12T09:00:06Z[36m [INFO][CONN][GRPC] [0m|---------------------------------------------|
2024-06-12T09:00:06Z[36m [INFO][CONN][GRPC] [0m| Device Group        | 5g-ue-02              |
2024-06-12T09:00:06Z[36m [INFO][CONN][GRPC] [0m| IP Domain Details   | pool2                 |
2024-06-12T09:00:06Z[36m [INFO][CONN][GRPC] [0m| DNN Name            | hexa                  |
2024-06-12T09:00:06Z[36m [INFO][CONN][GRPC] [0m| UE Pool             | 172.250.1.0/16        |
2024-06-12T09:00:06Z[36m [INFO][CONN][GRPC] [0m| DNS Primary         | 8.8.8.8               |
2024-06-12T09:00:06Z[36m [INFO][CONN][GRPC] [0m| MTU                 | 1460                  |
2024-06-12T09:00:06Z[36m [INFO][CONN][GRPC] [0m| DnnMbrUplink        | 10000000              |
2024-06-12T09:00:06Z[36m [INFO][CONN][GRPC] [0m| DnnMbrDownlink      | 400000000             |
2024-06-12T09:00:06Z[36m [INFO][CONN][GRPC] [0m| Traffic Class       | platinum              |
2024-06-12T09:00:06Z[36m [INFO][CONN][GRPC] [0m|                     | 001010100007501       |
2024-06-12T09:00:06Z[36m [INFO][CONN][GRPC] [0m|                     | 001010100007502       |
2024-06-12T09:00:06Z[36m [INFO][CONN][GRPC] [0m|                     | 001010100007503       |
2024-06-12T09:00:06Z[36m [INFO][CONN][GRPC] [0m|                     | 001010100007504       |
2024-06-12T09:00:06Z[36m [INFO][CONN][GRPC] [0m|                     | 001010100007505       |
2024-06-12T09:00:06Z[36m [INFO][CONN][GRPC] [0m| IMSI_LIST           | 001010100007506       |
2024-06-12T09:00:06Z[36m [INFO][CONN][GRPC] [0m|                     | 001010100007507       |
2024-06-12T09:00:06Z[36m [INFO][CONN][GRPC] [0m|                     | 001010100007508       |
2024-06-12T09:00:06Z[36m [INFO][CONN][GRPC] [0m|                     | 001010100007509       |
2024-06-12T09:00:06Z[36m [INFO][CONN][GRPC] [0m|                     | 001010100007510       |
2024-06-12T09:00:06Z[36m [INFO][CONN][GRPC] [0m|---------------------------------------------|
2024-06-12T09:00:06Z[36m [INFO][CONN][GRPC] [0m| Site                | hexa                  |
2024-06-12T09:00:06Z[36m [INFO][CONN][GRPC] [0m| GNB                 | hexa-gnb-01           |
2024-06-12T09:00:06Z[36m [INFO][CONN][GRPC] [0m| TAC                 | 1                     |
2024-06-12T09:00:06Z[36m [INFO][CONN][GRPC] [0m|---------------------------------------------|
2024-06-12T09:00:06Z[36m [INFO][CONN][GRPC] [0m| GNB                 | hexa-gnb-02           |
2024-06-12T09:00:06Z[36m [INFO][CONN][GRPC] [0m| TAC                 | 2                     |
2024-06-12T09:00:06Z[36m [INFO][CONN][GRPC] [0m|---------------------------------------------|
2024-06-12T09:00:06Z[36m [INFO][CONN][GRPC] [0m| MCC                 | 001                   |
2024-06-12T09:00:06Z[36m [INFO][CONN][GRPC] [0m| MNC                 | 01                    |
2024-06-12T09:00:06Z[36m [INFO][CONN][GRPC] [0m| UPF                 | hexa-upf              |
2024-06-12T09:00:06Z[36m [INFO][CONN][GRPC] [0m| Traffic Class       | IPV4                  |
2024-06-12T09:00:06Z[36m [INFO][CONN][GRPC] [0m| Flow Direction      | BIDIRECTIONAL         |
2024-06-12T09:00:06Z[36m [INFO][CONN][GRPC] [0m| Flow Status         | ENABLED               |
2024-06-12T09:00:06Z[36m [INFO][CONN][GRPC] [0m| Rule ID             | ALLOW-ALL             |
2024-06-12T09:00:06Z[36m [INFO][CONN][GRPC] [0m| Priority            | 250                   |
2024-06-12T09:00:06Z[36m [INFO][CONN][GRPC] [0m|---------------------------------------------|
2024-06-12T09:00:06Z[36m [INFO][CONN][GRPC] [0m+---------------------------------------------+
2024-06-12T09:00:06Z[36m [INFO][HEXA_NSSF][GRPC] [0mReceived updateConfig in the nssf app :
2024-06-12T09:00:06Z[36m [INFO][HEXA_NSSF][GRPC] [0m+---------------------------------------------+
2024-06-12T09:00:06Z[36m [INFO][HEXA_NSSF][GRPC] [0m| Network Slice                               |
2024-06-12T09:00:06Z[36m [INFO][HEXA_NSSF][GRPC] [0m|---------------------------------------------|
2024-06-12T09:00:06Z[36m [INFO][HEXA_NSSF][GRPC] [0m| Name                | hexa-slice-01         |
2024-06-12T09:00:06Z[36m [INFO][HEXA_NSSF][GRPC] [0m| Sst                 | 1                     |
2024-06-12T09:00:06Z[36m [INFO][HEXA_NSSF][GRPC] [0m| Sd                  | 010203                |
2024-06-12T09:00:06Z[36m [INFO][HEXA_NSSF][GRPC] [0m|---------------------------------------------|
2024-06-12T09:00:06Z[36m [INFO][HEXA_NSSF][GRPC] [0m| Device Group        | 5g-ue-01              |
2024-06-12T09:00:06Z[36m [INFO][HEXA_NSSF][GRPC] [0m| IP Domain Details   | pool1                 |
2024-06-12T09:00:06Z[36m [INFO][HEXA_NSSF][GRPC] [0m| DNN Name            | hexa                  |
2024-06-12T09:00:06Z[36m [INFO][HEXA_NSSF][GRPC] [0m| UE Pool             | 172.250.1.0/16        |
2024-06-12T09:00:06Z[36m [INFO][HEXA_NSSF][GRPC] [0m| DNS Primary         | 8.8.8.8               |
2024-06-12T09:00:06Z[36m [INFO][HEXA_NSSF][GRPC] [0m| MTU                 | 1460                  |
2024-06-12T09:00:06Z[36m [INFO][HEXA_NSSF][GRPC] [0m| DnnMbrUplink        | 20000000              |
2024-06-12T09:00:06Z[36m [INFO][HEXA_NSSF][GRPC] [0m| DnnMbrDownlink      | 200000000             |
2024-06-12T09:00:06Z[36m [INFO][HEXA_NSSF][GRPC] [0m| Traffic Class       | platinum              |
2024-06-12T09:00:06Z[36m [INFO][HEXA_NSSF][GRPC] [0m|                     | 001010100007487       |
2024-06-12T09:00:06Z[36m [INFO][HEXA_NSSF][GRPC] [0m|                     | 001010100007488       |
2024-06-12T09:00:06Z[36m [INFO][HEXA_NSSF][GRPC] [0m|                     | 001010100007489       |
2024-06-12T09:00:06Z[36m [INFO][HEXA_NSSF][GRPC] [0m|                     | 001010100007490       |
2024-06-12T09:00:06Z[36m [INFO][HEXA_NSSF][GRPC] [0m|                     | 001010100007491       |
2024-06-12T09:00:06Z[36m [INFO][HEXA_NSSF][GRPC] [0m|                     | 001010100007492       |
2024-06-12T09:00:06Z[36m [INFO][HEXA_NSSF][GRPC] [0m|                     | 001010100007401       |
2024-06-12T09:00:06Z[36m [INFO][HEXA_NSSF][GRPC] [0m| IMSI_Supported      | 001010100007494       |
2024-06-12T09:00:06Z[36m [INFO][HEXA_NSSF][GRPC] [0m|                     | 001010100007495       |
2024-06-12T09:00:06Z[36m [INFO][HEXA_NSSF][GRPC] [0m|                     | 001010100007496       |
2024-06-12T09:00:06Z[36m [INFO][HEXA_NSSF][GRPC] [0m|                     | 001010100007497       |
2024-06-12T09:00:06Z[36m [INFO][HEXA_NSSF][GRPC] [0m|                     | 001010100007498       |
2024-06-12T09:00:06Z[36m [INFO][HEXA_NSSF][GRPC] [0m|                     | 001010100007499       |
2024-06-12T09:00:06Z[36m [INFO][HEXA_NSSF][GRPC] [0m|                     | 001010100007500       |
2024-06-12T09:00:06Z[36m [INFO][HEXA_NSSF][GRPC] [0m|---------------------------------------------|
2024-06-12T09:00:06Z[36m [INFO][HEXA_NSSF][GRPC] [0m| Device Group        | 5g-ue-02              |
2024-06-12T09:00:06Z[36m [INFO][HEXA_NSSF][GRPC] [0m| IP Domain Details   | pool2                 |
2024-06-12T09:00:06Z[36m [INFO][HEXA_NSSF][GRPC] [0m| DNN Name            | hexa                  |
2024-06-12T09:00:06Z[36m [INFO][HEXA_NSSF][GRPC] [0m| UE Pool             | 172.250.1.0/16        |
2024-06-12T09:00:06Z[36m [INFO][HEXA_NSSF][GRPC] [0m| DNS Primary         | 8.8.8.8               |
2024-06-12T09:00:06Z[36m [INFO][HEXA_NSSF][GRPC] [0m| MTU                 | 1460                  |
2024-06-12T09:00:06Z[36m [INFO][HEXA_NSSF][GRPC] [0m| DnnMbrUplink        | 10000000              |
2024-06-12T09:00:06Z[36m [INFO][HEXA_NSSF][GRPC] [0m| DnnMbrDownlink      | 400000000             |
2024-06-12T09:00:06Z[36m [INFO][HEXA_NSSF][GRPC] [0m| Traffic Class       | platinum              |
2024-06-12T09:00:06Z[36m [INFO][HEXA_NSSF][GRPC] [0m|                     | 001010100007501       |
2024-06-12T09:00:06Z[36m [INFO][HEXA_NSSF][GRPC] [0m|                     | 001010100007502       |
2024-06-12T09:00:06Z[36m [INFO][HEXA_NSSF][GRPC] [0m|                     | 001010100007503       |
2024-06-12T09:00:06Z[36m [INFO][HEXA_NSSF][GRPC] [0m|                     | 001010100007504       |
2024-06-12T09:00:06Z[36m [INFO][HEXA_NSSF][GRPC] [0m|                     | 001010100007505       |
2024-06-12T09:00:06Z[36m [INFO][HEXA_NSSF][GRPC] [0m| IMSI_Supported      | 001010100007506       |
2024-06-12T09:00:06Z[36m [INFO][HEXA_NSSF][GRPC] [0m|                     | 001010100007507       |
2024-06-12T09:00:06Z[36m [INFO][HEXA_NSSF][GRPC] [0m|                     | 001010100007508       |
2024-06-12T09:00:06Z[36m [INFO][HEXA_NSSF][GRPC] [0m|                     | 001010100007509       |
2024-06-12T09:00:06Z[36m [INFO][HEXA_NSSF][GRPC] [0m|                     | 001010100007510       |
2024-06-12T09:00:06Z[36m [INFO][HEXA_NSSF][GRPC] [0m|---------------------------------------------|
2024-06-12T09:00:06Z[36m [INFO][HEXA_NSSF][GRPC] [0m| Site                | hexa                  |
2024-06-12T09:00:06Z[36m [INFO][HEXA_NSSF][GRPC] [0m| GNB                 | hexa-gnb-01           |
2024-06-12T09:00:06Z[36m [INFO][HEXA_NSSF][GRPC] [0m| TAC                 | 1                     |
2024-06-12T09:00:06Z[36m [INFO][HEXA_NSSF][GRPC] [0m|---------------------------------------------|
2024-06-12T09:00:06Z[36m [INFO][HEXA_NSSF][GRPC] [0m| GNB                 | hexa-gnb-02           |
2024-06-12T09:00:06Z[36m [INFO][HEXA_NSSF][GRPC] [0m| TAC                 | 2                     |
2024-06-12T09:00:06Z[36m [INFO][HEXA_NSSF][GRPC] [0m|---------------------------------------------|
2024-06-12T09:00:06Z[36m [INFO][HEXA_NSSF][GRPC] [0m| MCC                 | 001                   |
2024-06-12T09:00:06Z[36m [INFO][HEXA_NSSF][GRPC] [0m| MNC                 | 01                    |
2024-06-12T09:00:06Z[36m [INFO][HEXA_NSSF][GRPC] [0m| UPF                 | hexa-upf              |
2024-06-12T09:00:06Z[36m [INFO][HEXA_NSSF][GRPC] [0m| Traffic Class       | IPV4                  |
2024-06-12T09:00:06Z[36m [INFO][HEXA_NSSF][GRPC] [0m| Flow Direction      | BIDIRECTIONAL         |
2024-06-12T09:00:06Z[36m [INFO][HEXA_NSSF][GRPC] [0m| Flow Status         | ENABLED               |
2024-06-12T09:00:06Z[36m [INFO][HEXA_NSSF][GRPC] [0m| Rule ID             | ALLOW-ALL             |
2024-06-12T09:00:06Z[36m [INFO][HEXA_NSSF][GRPC] [0m| Priority            | 250                   |
2024-06-12T09:00:06Z[36m [INFO][HEXA_NSSF][GRPC] [0m+---------------------------------------------+
2024-06-12T09:00:06Z[36m [INFO][HEXA_NSSF][GRPC] [0mNetwork Slice Name  hexa-slice-01
2024-06-12T09:00:06Z[36m [INFO][HEXA_NSSF][GRPC] [0mNetwork Slice has site name present
2024-06-12T09:00:06Z[36m [INFO][HEXA_NSSF][GRPC] [0mSite name  hexa
2024-06-12T09:00:06Z[36m [INFO][HEXA_NSSF][GRPC] [0mPlmn mcc  001
2024-06-12T09:00:06Z[36m [INFO][HEXA_NSSF][GRPC] [0mPlmn mnc  01
2024-06-12T09:00:06Z[36m [INFO][HEXA_NSSF][GRPC] [0mSlice Sst  1
2024-06-12T09:00:06Z[36m [INFO][HEXA_NSSF][GRPC] [0mSlice Sd  010203
2024-06-12T09:00:06Z[36m [INFO][HEXA_NSSF][GRPC] [0mSend config trigger to main routine
2024-06-12T09:00:06Z[36m [INFO][HEXA_NSSF][Init] [0mMinimum configuration from config pod available true
2024-06-12T09:00:11Z[36m [INFO][HEXA_NSSF][Init] [0mStarted KeepAlive Timer: 86400 sec
2024-06-12T09:00:11Z[36m [INFO][HEXA_NSSF][CFG] [0mSent Register NF Instance with updated profile
2024-06-12T09:07:17Z[36m [INFO][HEXA_NSSF][NsSelect] [0mHandle NSSelectionGet
2024-06-12T09:07:17Z[36m [INFO][HEXA_NSSF][GIN] [0m| 200 |  192.168.84.206 | GET     | /nnssf-nsselection/v1/network-slice-information?nf-id=8ed77048-56e1-4d9f-b5ab-657021ead068&nf-type=AMF&slice-info-request-for-pdu-session=%7B%22sNssai%22%3A%7B%22sst%22%3A1%2C%22sd%22%3A%22010203%22%7D%2C%22roamingIndication%22%3A%22NON_ROAMING%22%7D |
